[2023-06-15T17:47:02.273770+00:00] main.ERROR: Unable to resolve the source file for 'frontend/HypeConectEcom/EcomHype/pt_BR/requirejs-config.js' [] []
[2023-06-15T17:47:02.274983+00:00] main.CRITICAL: Unable to resolve the source file for 'frontend/HypeConectEcom/EcomHype/pt_BR/requirejs-config.js' [] []
[2023-06-15T17:47:33.212605+00:00] main.ERROR: Unable to resolve the source file for 'frontend/HypeConectEcom/EcomHype/pt_BR/requirejs-config.js' [] []
[2023-06-15T17:47:33.213795+00:00] main.CRITICAL: Unable to resolve the source file for 'frontend/HypeConectEcom/EcomHype/pt_BR/requirejs-config.js' [] []
[2023-06-15T17:48:19.813561+00:00] main.ERROR: Unable to resolve the source file for 'frontend/HypeConectEcom/EcomHype/pt_BR/requirejs-config.js' [] []
[2023-06-15T17:48:19.814141+00:00] main.CRITICAL: Unable to resolve the source file for 'frontend/HypeConectEcom/EcomHype/pt_BR/requirejs-config.js' [] []
[2023-06-15T17:49:17.741115+00:00] main.ERROR: Unable to resolve the source file for 'frontend/HypeConectEcom/EcomHype/pt_BR/requirejs-config.js' [] []
[2023-06-15T17:49:17.742184+00:00] main.CRITICAL: Unable to resolve the source file for 'frontend/HypeConectEcom/EcomHype/pt_BR/requirejs-config.js' [] []
[2023-06-15T17:50:55.882249+00:00] main.ERROR: Unable to resolve the source file for 'frontend/HypeConectEcom/EcomHype/pt_BR/requirejs-config.js' [] []
[2023-06-15T17:50:55.883228+00:00] main.CRITICAL: Unable to resolve the source file for 'frontend/HypeConectEcom/EcomHype/pt_BR/requirejs-config.js' [] []
[2023-06-15T17:52:28.416840+00:00] main.ERROR: Unable to resolve the source file for 'frontend/HypeConectEcom/EcomHype/pt_BR/requirejs-config.js' [] []
[2023-06-15T17:52:28.417949+00:00] main.CRITICAL: Unable to resolve the source file for 'frontend/HypeConectEcom/EcomHype/pt_BR/requirejs-config.js' [] []
[2023-06-15T17:52:45.690178+00:00] main.ERROR: Unable to resolve the source file for 'frontend/HypeConectEcom/EcomHype/pt_BR/requirejs-config.js' [] []
[2023-06-15T17:52:45.691097+00:00] main.CRITICAL: Unable to resolve the source file for 'frontend/HypeConectEcom/EcomHype/pt_BR/requirejs-config.js' [] []
[2023-06-15T17:53:27.686986+00:00] main.ERROR: Unable to resolve the source file for 'frontend/HypeConectEcom/EcomHype/pt_BR/requirejs-config.js' [] []
[2023-06-15T17:53:27.687931+00:00] main.CRITICAL: Unable to resolve the source file for 'frontend/HypeConectEcom/EcomHype/pt_BR/requirejs-config.js' [] []
[2023-06-15T17:53:52.411570+00:00] main.ERROR: Unable to resolve the source file for 'frontend/HypeConectEcom/EcomHype/pt_BR/requirejs-config.js' [] []
[2023-06-15T17:53:52.412400+00:00] main.CRITICAL: Unable to resolve the source file for 'frontend/HypeConectEcom/EcomHype/pt_BR/requirejs-config.js' [] []
[2023-06-15T17:56:09.100127+00:00] main.ERROR: Unable to resolve the source file for 'frontend/HypeConectEcom/EcomHype/pt_BR/requirejs-config.js' [] []
[2023-06-15T17:56:09.100685+00:00] main.CRITICAL: Unable to resolve the source file for 'frontend/HypeConectEcom/EcomHype/pt_BR/requirejs-config.js' [] []
[2023-06-15T17:56:25.705775+00:00] main.ERROR: Unable to resolve the source file for 'frontend/HypeConectEcom/EcomHype/pt_BR/requirejs-config.js' [] []
[2023-06-15T17:56:25.706431+00:00] main.CRITICAL: Unable to resolve the source file for 'frontend/HypeConectEcom/EcomHype/pt_BR/requirejs-config.js' [] []
[2023-06-15T17:57:18.560671+00:00] main.ERROR: Unable to resolve the source file for 'frontend/HypeConectEcom/EcomHype/pt_BR/requirejs-config.js' [] []
[2023-06-15T17:57:18.561695+00:00] main.CRITICAL: Unable to resolve the source file for 'frontend/HypeConectEcom/EcomHype/pt_BR/requirejs-config.js' [] []
[2023-06-15T17:59:00.920689+00:00] main.ERROR: Unable to resolve the source file for 'frontend/HypeConectEcom/EcomHype/pt_BR/requirejs-config.js' [] []
[2023-06-15T17:59:00.921242+00:00] main.CRITICAL: Unable to resolve the source file for 'frontend/HypeConectEcom/EcomHype/pt_BR/requirejs-config.js' [] []
[2023-06-15T17:59:32.050775+00:00] main.ERROR: Unable to resolve the source file for 'frontend/HypeConectEcom/EcomHype/pt_BR/requirejs-config.js' [] []
[2023-06-15T17:59:32.051686+00:00] main.CRITICAL: Unable to resolve the source file for 'frontend/HypeConectEcom/EcomHype/pt_BR/requirejs-config.js' [] []
[2023-06-15T17:59:51.226785+00:00] main.DEBUG: cache_invalidate:  {"method":"GET","url":"http:/","invalidateInfo":{"servers":[{"Laminas\\Uri\\Uri":"http://varnish:80/"}],"formattedTagsChunk":".*"}} []
[2023-06-15T17:59:51.231653+00:00] main.DEBUG: cache_invalidate:  {"method":"GET","url":"http:/","invalidateInfo":{"tags":["CONFIG"],"mode":"matchingTag"}} []
[2023-06-15T17:59:51.235028+00:00] main.DEBUG: cache_invalidate:  {"method":"GET","url":"http:/","invalidateInfo":{"tags":["LAYOUT_GENERAL_CACHE_TAG"],"mode":"matchingTag"}} []
[2023-06-15T17:59:51.238574+00:00] main.DEBUG: cache_invalidate:  {"method":"GET","url":"http:/","invalidateInfo":{"tags":["BLOCK_HTML"],"mode":"matchingTag"}} []
[2023-06-15T17:59:51.242062+00:00] main.DEBUG: cache_invalidate:  {"method":"GET","url":"http:/","invalidateInfo":{"tags":["COLLECTION_DATA"],"mode":"matchingTag"}} []
[2023-06-15T17:59:51.246072+00:00] main.DEBUG: cache_invalidate:  {"method":"GET","url":"http:/","invalidateInfo":{"tags":["REFLECTION"],"mode":"matchingTag"}} []
[2023-06-15T17:59:51.248128+00:00] main.DEBUG: cache_invalidate:  {"method":"GET","url":"http:/","invalidateInfo":{"tags":["DB_DDL"],"mode":"matchingTag"}} []
[2023-06-15T17:59:51.249919+00:00] main.DEBUG: cache_invalidate:  {"method":"GET","url":"http:/","invalidateInfo":{"tags":["COMPILED_CONFIG"],"mode":"matchingTag"}} []
[2023-06-15T17:59:51.251629+00:00] main.DEBUG: cache_invalidate:  {"method":"GET","url":"http:/","invalidateInfo":{"tags":["EAV"],"mode":"matchingTag"}} []
[2023-06-15T17:59:51.253427+00:00] main.DEBUG: cache_invalidate:  {"method":"GET","url":"http:/","invalidateInfo":{"tags":["CUSTOMER_NOTIFICATION"],"mode":"matchingTag"}} []
[2023-06-15T17:59:51.255061+00:00] main.DEBUG: cache_invalidate:  {"method":"GET","url":"http:/","invalidateInfo":{"tags":["INTEGRATION"],"mode":"matchingTag"}} []
[2023-06-15T17:59:51.256685+00:00] main.DEBUG: cache_invalidate:  {"method":"GET","url":"http:/","invalidateInfo":{"tags":["INTEGRATION_API_CONFIG"],"mode":"matchingTag"}} []
[2023-06-15T17:59:51.259118+00:00] main.DEBUG: cache_invalidate:  {"method":"GET","url":"http:/","invalidateInfo":{"servers":[{"Laminas\\Uri\\Uri":"http://varnish:80/"}],"formattedTagsChunk":".*"}} []
[2023-06-15T17:59:51.260550+00:00] main.DEBUG: cache_invalidate:  {"method":"GET","url":"http:/","invalidateInfo":{"tags":["FPC"],"mode":"matchingTag"}} []
[2023-06-15T17:59:51.262218+00:00] main.DEBUG: cache_invalidate:  {"method":"GET","url":"http:/","invalidateInfo":{"tags":["WEBSERVICE"],"mode":"matchingTag"}} []
[2023-06-15T17:59:51.263815+00:00] main.DEBUG: cache_invalidate:  {"method":"GET","url":"http:/","invalidateInfo":{"tags":["TRANSLATE"],"mode":"matchingTag"}} []
[2023-06-15T17:59:59.597925+00:00] main.INFO: Broken reference: the 'catalog.compare.sidebar' element cannot be added as child to 'sidebar.additional', because the latter doesn't exist [] []
[2023-06-15T17:59:59.598375+00:00] main.INFO: Broken reference: the 'sale.reorder.sidebar' element cannot be added as child to 'sidebar.additional', because the latter doesn't exist [] []
[2023-06-15T17:59:59.598757+00:00] main.INFO: Broken reference: the 'wishlist_sidebar' element cannot be added as child to 'sidebar.additional', because the latter doesn't exist [] []
[2023-06-15T17:59:59.599147+00:00] main.INFO: Broken reference: the 'paypal.partner.right.logo' element cannot be added as child to 'sidebar.additional', because the latter doesn't exist [] []
[2023-06-15T17:59:59.599523+00:00] main.INFO: Broken reference: the 'bml.right.logo' element cannot be added as child to 'sidebar.additional', because the latter doesn't exist [] []
[2023-06-15T17:59:59.599821+00:00] main.INFO: Broken reference: the 'sidebar.container.paylater' element cannot be added as child to 'sidebar.additional', because the latter doesn't exist [] []
[2023-06-15T18:00:01.107647+00:00] main.ERROR: Unable to resolve the source file for 'frontend/HypeConectEcom/EcomHype/pt_BR/moment.min.js.map' [] []
[2023-06-15T18:00:01.108922+00:00] main.CRITICAL: Unable to resolve the source file for 'frontend/HypeConectEcom/EcomHype/pt_BR/moment.min.js.map' [] []
[2023-06-15T18:00:01.482479+00:00] main.ERROR: Unable to resolve the source file for 'frontend/HypeConectEcom/EcomHype/pt_BR/Magento_PageBuilder/js/resource/jarallax/jarallax.js.map' [] []
[2023-06-15T18:00:01.483594+00:00] main.CRITICAL: Unable to resolve the source file for 'frontend/HypeConectEcom/EcomHype/pt_BR/Magento_PageBuilder/js/resource/jarallax/jarallax.js.map' [] []
[2023-06-15T18:00:01.638477+00:00] main.ERROR: Unable to resolve the source file for 'frontend/HypeConectEcom/EcomHype/pt_BR/vimeo/player.js.map' [] []
[2023-06-15T18:00:01.639428+00:00] main.CRITICAL: Unable to resolve the source file for 'frontend/HypeConectEcom/EcomHype/pt_BR/vimeo/player.js.map' [] []
[2023-06-15T18:00:01.674132+00:00] main.ERROR: Unable to resolve the source file for 'frontend/HypeConectEcom/EcomHype/pt_BR/Magento_PageBuilder/js/resource/jarallax/jarallax-video.js.map' [] []
[2023-06-15T18:00:01.675093+00:00] main.CRITICAL: Unable to resolve the source file for 'frontend/HypeConectEcom/EcomHype/pt_BR/Magento_PageBuilder/js/resource/jarallax/jarallax-video.js.map' [] []
[2023-06-15T18:00:32.414644+00:00] main.ERROR: Unable to resolve the source file for 'frontend/HypeConectEcom/EcomHype/pt_BR/moment.min.js.map' [] []
[2023-06-15T18:00:32.415856+00:00] main.CRITICAL: Unable to resolve the source file for 'frontend/HypeConectEcom/EcomHype/pt_BR/moment.min.js.map' [] []
[2023-06-15T18:00:32.859903+00:00] main.ERROR: Unable to resolve the source file for 'frontend/HypeConectEcom/EcomHype/pt_BR/Magento_PageBuilder/js/resource/jarallax/jarallax.js.map' [] []
[2023-06-15T18:00:32.860954+00:00] main.CRITICAL: Unable to resolve the source file for 'frontend/HypeConectEcom/EcomHype/pt_BR/Magento_PageBuilder/js/resource/jarallax/jarallax.js.map' [] []
[2023-06-15T18:00:33.100067+00:00] main.ERROR: Unable to resolve the source file for 'frontend/HypeConectEcom/EcomHype/pt_BR/vimeo/player.js.map' [] []
[2023-06-15T18:00:33.100693+00:00] main.CRITICAL: Unable to resolve the source file for 'frontend/HypeConectEcom/EcomHype/pt_BR/vimeo/player.js.map' [] []
[2023-06-15T18:00:33.172633+00:00] main.ERROR: Unable to resolve the source file for 'frontend/HypeConectEcom/EcomHype/pt_BR/Magento_PageBuilder/js/resource/jarallax/jarallax-video.js.map' [] []
[2023-06-15T18:00:33.173203+00:00] main.CRITICAL: Unable to resolve the source file for 'frontend/HypeConectEcom/EcomHype/pt_BR/Magento_PageBuilder/js/resource/jarallax/jarallax-video.js.map' [] []
[2023-06-15T18:01:21.700820+00:00] main.DEBUG: cache_invalidate:  {"method":"GET","url":"http:/","invalidateInfo":{"servers":[{"Laminas\\Uri\\Uri":"http://varnish:80/"}],"formattedTagsChunk":".*"}} []
[2023-06-15T18:01:21.705847+00:00] main.DEBUG: cache_invalidate:  {"method":"GET","url":"http:/","invalidateInfo":{"tags":["CONFIG"],"mode":"matchingTag"}} []
[2023-06-15T18:01:21.709834+00:00] main.DEBUG: cache_invalidate:  {"method":"GET","url":"http:/","invalidateInfo":{"tags":["LAYOUT_GENERAL_CACHE_TAG"],"mode":"matchingTag"}} []
[2023-06-15T18:01:21.713153+00:00] main.DEBUG: cache_invalidate:  {"method":"GET","url":"http:/","invalidateInfo":{"tags":["BLOCK_HTML"],"mode":"matchingTag"}} []
[2023-06-15T18:01:21.716431+00:00] main.DEBUG: cache_invalidate:  {"method":"GET","url":"http:/","invalidateInfo":{"tags":["COLLECTION_DATA"],"mode":"matchingTag"}} []
[2023-06-15T18:01:21.721974+00:00] main.DEBUG: cache_invalidate:  {"method":"GET","url":"http:/","invalidateInfo":{"tags":["REFLECTION"],"mode":"matchingTag"}} []
[2023-06-15T18:01:21.725225+00:00] main.DEBUG: cache_invalidate:  {"method":"GET","url":"http:/","invalidateInfo":{"tags":["DB_DDL"],"mode":"matchingTag"}} []
[2023-06-15T18:01:21.728167+00:00] main.DEBUG: cache_invalidate:  {"method":"GET","url":"http:/","invalidateInfo":{"tags":["COMPILED_CONFIG"],"mode":"matchingTag"}} []
[2023-06-15T18:01:21.731295+00:00] main.DEBUG: cache_invalidate:  {"method":"GET","url":"http:/","invalidateInfo":{"tags":["EAV"],"mode":"matchingTag"}} []
[2023-06-15T18:01:21.734209+00:00] main.DEBUG: cache_invalidate:  {"method":"GET","url":"http:/","invalidateInfo":{"tags":["CUSTOMER_NOTIFICATION"],"mode":"matchingTag"}} []
[2023-06-15T18:01:21.737214+00:00] main.DEBUG: cache_invalidate:  {"method":"GET","url":"http:/","invalidateInfo":{"tags":["INTEGRATION"],"mode":"matchingTag"}} []
[2023-06-15T18:01:21.740151+00:00] main.DEBUG: cache_invalidate:  {"method":"GET","url":"http:/","invalidateInfo":{"tags":["INTEGRATION_API_CONFIG"],"mode":"matchingTag"}} []
[2023-06-15T18:01:21.743909+00:00] main.DEBUG: cache_invalidate:  {"method":"GET","url":"http:/","invalidateInfo":{"servers":[{"Laminas\\Uri\\Uri":"http://varnish:80/"}],"formattedTagsChunk":".*"}} []
[2023-06-15T18:01:21.746579+00:00] main.DEBUG: cache_invalidate:  {"method":"GET","url":"http:/","invalidateInfo":{"tags":["FPC"],"mode":"matchingTag"}} []
[2023-06-15T18:01:21.749659+00:00] main.DEBUG: cache_invalidate:  {"method":"GET","url":"http:/","invalidateInfo":{"tags":["WEBSERVICE"],"mode":"matchingTag"}} []
[2023-06-15T18:01:21.752761+00:00] main.DEBUG: cache_invalidate:  {"method":"GET","url":"http:/","invalidateInfo":{"tags":["TRANSLATE"],"mode":"matchingTag"}} []
[2023-06-15T18:01:30.221554+00:00] main.INFO: Broken reference: the 'catalog.compare.sidebar' element cannot be added as child to 'sidebar.additional', because the latter doesn't exist [] []
[2023-06-15T18:01:30.222027+00:00] main.INFO: Broken reference: the 'sale.reorder.sidebar' element cannot be added as child to 'sidebar.additional', because the latter doesn't exist [] []
[2023-06-15T18:01:30.222411+00:00] main.INFO: Broken reference: the 'wishlist_sidebar' element cannot be added as child to 'sidebar.additional', because the latter doesn't exist [] []
[2023-06-15T18:01:30.222736+00:00] main.INFO: Broken reference: the 'paypal.partner.right.logo' element cannot be added as child to 'sidebar.additional', because the latter doesn't exist [] []
[2023-06-15T18:01:30.223035+00:00] main.INFO: Broken reference: the 'bml.right.logo' element cannot be added as child to 'sidebar.additional', because the latter doesn't exist [] []
[2023-06-15T18:01:30.223327+00:00] main.INFO: Broken reference: the 'sidebar.container.paylater' element cannot be added as child to 'sidebar.additional', because the latter doesn't exist [] []
[2023-06-15T18:01:45.922146+00:00] main.ERROR: Unable to resolve the source file for 'frontend/HypeConectEcom/EcomHype/pt_BR/Magento_PageBuilder/js/resource/jarallax/jarallax.js.map' [] []
[2023-06-15T18:01:45.922124+00:00] main.ERROR: Unable to resolve the source file for 'frontend/HypeConectEcom/EcomHype/pt_BR/moment.min.js.map' [] []
[2023-06-15T18:01:45.923135+00:00] main.CRITICAL: Unable to resolve the source file for 'frontend/HypeConectEcom/EcomHype/pt_BR/Magento_PageBuilder/js/resource/jarallax/jarallax.js.map' [] []
[2023-06-15T18:01:45.923257+00:00] main.CRITICAL: Unable to resolve the source file for 'frontend/HypeConectEcom/EcomHype/pt_BR/moment.min.js.map' [] []
[2023-06-15T18:01:45.924724+00:00] main.ERROR: Unable to resolve the source file for 'frontend/HypeConectEcom/EcomHype/pt_BR/vimeo/player.js.map' [] []
[2023-06-15T18:01:45.925754+00:00] main.ERROR: Unable to resolve the source file for 'frontend/HypeConectEcom/EcomHype/pt_BR/Magento_PageBuilder/js/resource/jarallax/jarallax-video.js.map' [] []
[2023-06-15T18:01:45.925835+00:00] main.CRITICAL: Unable to resolve the source file for 'frontend/HypeConectEcom/EcomHype/pt_BR/vimeo/player.js.map' [] []
[2023-06-15T18:01:45.926960+00:00] main.CRITICAL: Unable to resolve the source file for 'frontend/HypeConectEcom/EcomHype/pt_BR/Magento_PageBuilder/js/resource/jarallax/jarallax-video.js.map' [] []
[2023-06-15T18:04:51.189419+00:00] main.ERROR: Unable to resolve the source file for 'frontend/HypeConectEcom/EcomHype/pt_BR/moment.min.js.map' [] []
[2023-06-15T18:04:51.191028+00:00] main.CRITICAL: Unable to resolve the source file for 'frontend/HypeConectEcom/EcomHype/pt_BR/moment.min.js.map' [] []
[2023-06-15T18:04:51.907493+00:00] main.ERROR: Unable to resolve the source file for 'frontend/HypeConectEcom/EcomHype/pt_BR/Magento_PageBuilder/js/resource/jarallax/jarallax.js.map' [] []
[2023-06-15T18:04:51.908930+00:00] main.CRITICAL: Unable to resolve the source file for 'frontend/HypeConectEcom/EcomHype/pt_BR/Magento_PageBuilder/js/resource/jarallax/jarallax.js.map' [] []
[2023-06-15T18:04:52.073045+00:00] main.ERROR: Unable to resolve the source file for 'frontend/HypeConectEcom/EcomHype/pt_BR/vimeo/player.js.map' [] []
[2023-06-15T18:04:52.073851+00:00] main.CRITICAL: Unable to resolve the source file for 'frontend/HypeConectEcom/EcomHype/pt_BR/vimeo/player.js.map' [] []
[2023-06-15T18:04:52.094058+00:00] main.ERROR: Unable to resolve the source file for 'frontend/HypeConectEcom/EcomHype/pt_BR/Magento_PageBuilder/js/resource/jarallax/jarallax-video.js.map' [] []
[2023-06-15T18:04:52.095020+00:00] main.CRITICAL: Unable to resolve the source file for 'frontend/HypeConectEcom/EcomHype/pt_BR/Magento_PageBuilder/js/resource/jarallax/jarallax-video.js.map' [] []
[2023-06-15T18:05:14.236769+00:00] main.ERROR: Unable to resolve the source file for 'frontend/HypeConectEcom/EcomHype/pt_BR/moment.min.js.map' [] []
[2023-06-15T18:05:14.238180+00:00] main.CRITICAL: Unable to resolve the source file for 'frontend/HypeConectEcom/EcomHype/pt_BR/moment.min.js.map' [] []
[2023-06-15T18:05:14.710872+00:00] main.ERROR: Unable to resolve the source file for 'frontend/HypeConectEcom/EcomHype/pt_BR/Magento_PageBuilder/js/resource/jarallax/jarallax.js.map' [] []
[2023-06-15T18:05:14.712358+00:00] main.CRITICAL: Unable to resolve the source file for 'frontend/HypeConectEcom/EcomHype/pt_BR/Magento_PageBuilder/js/resource/jarallax/jarallax.js.map' [] []
[2023-06-15T18:05:14.801082+00:00] main.ERROR: Unable to resolve the source file for 'frontend/HypeConectEcom/EcomHype/pt_BR/vimeo/player.js.map' [] []
[2023-06-15T18:05:14.802524+00:00] main.CRITICAL: Unable to resolve the source file for 'frontend/HypeConectEcom/EcomHype/pt_BR/vimeo/player.js.map' [] []
[2023-06-15T18:05:14.862981+00:00] main.ERROR: Unable to resolve the source file for 'frontend/HypeConectEcom/EcomHype/pt_BR/Magento_PageBuilder/js/resource/jarallax/jarallax-video.js.map' [] []
[2023-06-15T18:05:14.863575+00:00] main.CRITICAL: Unable to resolve the source file for 'frontend/HypeConectEcom/EcomHype/pt_BR/Magento_PageBuilder/js/resource/jarallax/jarallax-video.js.map' [] []
[2023-06-15T18:05:57.030429+00:00] main.ERROR: Unable to resolve the source file for 'frontend/HypeConectEcom/EcomHype/pt_BR/moment.min.js.map' [] []
[2023-06-15T18:05:57.031914+00:00] main.CRITICAL: Unable to resolve the source file for 'frontend/HypeConectEcom/EcomHype/pt_BR/moment.min.js.map' [] []
[2023-06-15T18:05:57.551755+00:00] main.ERROR: Unable to resolve the source file for 'frontend/HypeConectEcom/EcomHype/pt_BR/Magento_PageBuilder/js/resource/jarallax/jarallax.js.map' [] []
[2023-06-15T18:05:57.553099+00:00] main.CRITICAL: Unable to resolve the source file for 'frontend/HypeConectEcom/EcomHype/pt_BR/Magento_PageBuilder/js/resource/jarallax/jarallax.js.map' [] []
[2023-06-15T18:05:57.765948+00:00] main.ERROR: Unable to resolve the source file for 'frontend/HypeConectEcom/EcomHype/pt_BR/vimeo/player.js.map' [] []
[2023-06-15T18:05:57.767128+00:00] main.CRITICAL: Unable to resolve the source file for 'frontend/HypeConectEcom/EcomHype/pt_BR/vimeo/player.js.map' [] []
[2023-06-15T18:05:57.825582+00:00] main.ERROR: Unable to resolve the source file for 'frontend/HypeConectEcom/EcomHype/pt_BR/Magento_PageBuilder/js/resource/jarallax/jarallax-video.js.map' [] []
[2023-06-15T18:05:57.826162+00:00] main.CRITICAL: Unable to resolve the source file for 'frontend/HypeConectEcom/EcomHype/pt_BR/Magento_PageBuilder/js/resource/jarallax/jarallax-video.js.map' [] []
[2023-06-15T18:07:13.010609+00:00] main.ERROR: Unable to resolve the source file for 'frontend/HypeConectEcom/EcomHype/pt_BR/moment.min.js.map' [] []
[2023-06-15T18:07:13.012135+00:00] main.CRITICAL: Unable to resolve the source file for 'frontend/HypeConectEcom/EcomHype/pt_BR/moment.min.js.map' [] []
[2023-06-15T18:07:13.709579+00:00] main.ERROR: Unable to resolve the source file for 'frontend/HypeConectEcom/EcomHype/pt_BR/Magento_PageBuilder/js/resource/jarallax/jarallax.js.map' [] []
[2023-06-15T18:07:13.710144+00:00] main.CRITICAL: Unable to resolve the source file for 'frontend/HypeConectEcom/EcomHype/pt_BR/Magento_PageBuilder/js/resource/jarallax/jarallax.js.map' [] []
[2023-06-15T18:07:13.873448+00:00] main.ERROR: Unable to resolve the source file for 'frontend/HypeConectEcom/EcomHype/pt_BR/vimeo/player.js.map' [] []
[2023-06-15T18:07:13.874081+00:00] main.CRITICAL: Unable to resolve the source file for 'frontend/HypeConectEcom/EcomHype/pt_BR/vimeo/player.js.map' [] []
[2023-06-15T18:07:13.934358+00:00] main.ERROR: Unable to resolve the source file for 'frontend/HypeConectEcom/EcomHype/pt_BR/Magento_PageBuilder/js/resource/jarallax/jarallax-video.js.map' [] []
[2023-06-15T18:07:13.934915+00:00] main.CRITICAL: Unable to resolve the source file for 'frontend/HypeConectEcom/EcomHype/pt_BR/Magento_PageBuilder/js/resource/jarallax/jarallax-video.js.map' [] []
[2023-06-15T18:07:55.195708+00:00] main.ERROR: Unable to resolve the source file for 'frontend/HypeConectEcom/EcomHype/pt_BR/vimeo/player.js.map' [] []
[2023-06-15T18:07:55.195722+00:00] main.ERROR: Unable to resolve the source file for 'frontend/HypeConectEcom/EcomHype/pt_BR/moment.min.js.map' [] []
[2023-06-15T18:07:55.196537+00:00] main.CRITICAL: Unable to resolve the source file for 'frontend/HypeConectEcom/EcomHype/pt_BR/vimeo/player.js.map' [] []
[2023-06-15T18:07:55.196317+00:00] main.ERROR: Unable to resolve the source file for 'frontend/HypeConectEcom/EcomHype/pt_BR/Magento_PageBuilder/js/resource/jarallax/jarallax.js.map' [] []
[2023-06-15T18:07:55.196692+00:00] main.CRITICAL: Unable to resolve the source file for 'frontend/HypeConectEcom/EcomHype/pt_BR/moment.min.js.map' [] []
[2023-06-15T18:07:55.197175+00:00] main.CRITICAL: Unable to resolve the source file for 'frontend/HypeConectEcom/EcomHype/pt_BR/Magento_PageBuilder/js/resource/jarallax/jarallax.js.map' [] []
[2023-06-15T18:07:55.198128+00:00] main.ERROR: Unable to resolve the source file for 'frontend/HypeConectEcom/EcomHype/pt_BR/Magento_PageBuilder/js/resource/jarallax/jarallax-video.js.map' [] []
[2023-06-15T18:07:55.199179+00:00] main.CRITICAL: Unable to resolve the source file for 'frontend/HypeConectEcom/EcomHype/pt_BR/Magento_PageBuilder/js/resource/jarallax/jarallax-video.js.map' [] []
[2023-06-15T18:17:00.648659+00:00] main.INFO: Broken reference: the 'tracking' element cannot be added as child to 'header', because the latter doesn't exist [] []
[2023-06-15T18:17:00.649180+00:00] main.INFO: Broken reference: the 'notification_area' element cannot be added as child to 'notifications', because the latter doesn't exist [] []
[2023-06-15T18:17:00.649542+00:00] main.INFO: Broken reference: the 'unread_system_messages' element cannot be added as child to 'notifications', because the latter doesn't exist [] []
[2023-06-15T18:17:00.649891+00:00] main.INFO: Broken reference: the 'notification_window' element cannot be added as child to 'notifications', because the latter doesn't exist [] []
[2023-06-15T18:17:00.650253+00:00] main.INFO: Broken reference: the 'notification.messages' element cannot be added as child to 'header', because the latter doesn't exist [] []
[2023-06-15T18:17:00.650591+00:00] main.INFO: Broken reference: the 'global_notices' element cannot be added as child to 'global.notices', because the latter doesn't exist [] []
[2023-06-15T18:17:00.650924+00:00] main.INFO: Broken reference: the 'logo' element cannot be added as child to 'header', because the latter doesn't exist [] []
[2023-06-15T18:17:00.651259+00:00] main.INFO: Broken reference: the 'global.search' element cannot be added as child to 'header', because the latter doesn't exist [] []
[2023-06-15T18:17:00.651712+00:00] main.INFO: Broken reference: the 'user' element cannot be added as child to 'header', because the latter doesn't exist [] []
[2023-06-15T18:17:00.652070+00:00] main.INFO: Broken reference: the 'menu' element cannot be added as child to 'page.menu', because the latter doesn't exist [] []
[2023-06-15T18:17:00.652430+00:00] main.INFO: Broken reference: the 'breadcrumbs' element cannot be added as child to 'page.breadcrumbs', because the latter doesn't exist [] []
[2023-06-15T18:17:00.652869+00:00] main.INFO: Broken reference: the 'formkey' element cannot be added as child to 'page.formkey', because the latter doesn't exist [] []
[2023-06-15T18:17:00.653398+00:00] main.INFO: Broken reference: the 'page.title' element cannot be added as child to 'main.top', because the latter doesn't exist [] []
[2023-06-15T18:17:00.653903+00:00] main.INFO: Broken reference: the 'messages' element cannot be added as child to 'page.messages', because the latter doesn't exist [] []
[2023-06-15T18:17:00.654241+00:00] main.INFO: Broken reference: the 'page.actions.toolbar' element cannot be added as child to 'page.main.actions', because the latter doesn't exist [] []
[2023-06-15T18:17:00.654576+00:00] main.INFO: Broken reference: the 'legal' element cannot be added as child to 'footer', because the latter doesn't exist [] []
[2023-06-15T18:17:00.654962+00:00] main.INFO: Broken reference: the 'header.inner.left' element cannot be added as child to 'header', because the latter doesn't exist [] []
[2023-06-15T18:17:00.655333+00:00] main.INFO: Broken reference: the 'header.inner.right' element cannot be added as child to 'header', because the latter doesn't exist [] []
[2023-06-15T18:17:00.655778+00:00] main.INFO: Broken reference: the 'user' tries to reorder itself towards '', but their parents are different: 'header' and '' respectively. [] []
[2023-06-15T18:17:00.656145+00:00] main.INFO: Broken reference: the 'notification.messages' tries to reorder itself towards 'user', but their parents are different: 'header' and '' respectively. [] []
[2023-06-15T18:17:00.656558+00:00] main.INFO: Broken reference: the 'logo' tries to reorder itself towards '', but their parents are different: 'header' and '' respectively. [] []
[2023-06-15T18:17:00.656903+00:00] main.INFO: Broken reference: the 'global.search' tries to reorder itself towards 'logo', but their parents are different: 'header' and '' respectively. [] []
[2023-06-15T18:17:00.657255+00:00] main.INFO: Broken reference: the 'page.actions.toolbar' tries to reorder itself towards '', but their parents are different: 'page.main.actions' and '' respectively. [] []
[2023-06-15T18:17:00.658032+00:00] main.INFO: Broken reference: the 'header.inner.left' tries to reorder itself towards '', but their parents are different: 'header' and '' respectively. [] []
[2023-06-15T18:17:00.659066+00:00] main.INFO: Broken reference: the 'header.inner.right' tries to reorder itself towards 'header.inner.left', but their parents are different: 'header' and '' respectively. [] []
[2023-06-15T18:17:00.659795+00:00] main.INFO: Broken reference: the 'notification.messages' tries to reorder itself towards 'user', but their parents are different: 'header.inner.right' and '' respectively. [] []
[2023-06-15T18:17:11.229978+00:00] main.DEBUG: URI '/admin/cms/block/index/key/3643cb94eec1e476e1b1129f35177247810ad3b68928079730ca9e74923f2073/'' cannot be accessed with POST method (Magento\Cms\Controller\Adminhtml\Block\Index) [] []
[2023-06-15T18:17:11.231139+00:00] main.DEBUG: Request validation failed for action "Magento\Cms\Controller\Adminhtml\Block\Index\Interceptor" {"exception":"[object] (Magento\\Framework\\App\\Request\\InvalidRequestException(code: 0): Invalid request received at /var/www/html/vendor/magento/framework/App/Request/HttpMethodValidator.php:69)"} []
[2023-06-15T18:17:11.382984+00:00] main.INFO: Broken reference: the 'tracking' element cannot be added as child to 'header', because the latter doesn't exist [] []
[2023-06-15T18:17:11.383508+00:00] main.INFO: Broken reference: the 'notification_area' element cannot be added as child to 'notifications', because the latter doesn't exist [] []
[2023-06-15T18:17:11.383899+00:00] main.INFO: Broken reference: the 'unread_system_messages' element cannot be added as child to 'notifications', because the latter doesn't exist [] []
[2023-06-15T18:17:11.384305+00:00] main.INFO: Broken reference: the 'notification_window' element cannot be added as child to 'notifications', because the latter doesn't exist [] []
[2023-06-15T18:17:11.384686+00:00] main.INFO: Broken reference: the 'notification.messages' element cannot be added as child to 'header', because the latter doesn't exist [] []
[2023-06-15T18:17:11.385064+00:00] main.INFO: Broken reference: the 'global_notices' element cannot be added as child to 'global.notices', because the latter doesn't exist [] []
[2023-06-15T18:17:11.385435+00:00] main.INFO: Broken reference: the 'logo' element cannot be added as child to 'header', because the latter doesn't exist [] []
[2023-06-15T18:17:11.385888+00:00] main.INFO: Broken reference: the 'global.search' element cannot be added as child to 'header', because the latter doesn't exist [] []
[2023-06-15T18:17:11.386264+00:00] main.INFO: Broken reference: the 'user' element cannot be added as child to 'header', because the latter doesn't exist [] []
[2023-06-15T18:17:11.386639+00:00] main.INFO: Broken reference: the 'menu' element cannot be added as child to 'page.menu', because the latter doesn't exist [] []
[2023-06-15T18:17:11.387268+00:00] main.INFO: Broken reference: the 'breadcrumbs' element cannot be added as child to 'page.breadcrumbs', because the latter doesn't exist [] []
[2023-06-15T18:17:11.387757+00:00] main.INFO: Broken reference: the 'formkey' element cannot be added as child to 'page.formkey', because the latter doesn't exist [] []
[2023-06-15T18:17:11.388498+00:00] main.INFO: Broken reference: the 'page.title' element cannot be added as child to 'main.top', because the latter doesn't exist [] []
[2023-06-15T18:17:11.388928+00:00] main.INFO: Broken reference: the 'messages' element cannot be added as child to 'page.messages', because the latter doesn't exist [] []
[2023-06-15T18:17:11.389319+00:00] main.INFO: Broken reference: the 'page.actions.toolbar' element cannot be added as child to 'page.main.actions', because the latter doesn't exist [] []
[2023-06-15T18:17:11.389694+00:00] main.INFO: Broken reference: the 'legal' element cannot be added as child to 'footer', because the latter doesn't exist [] []
[2023-06-15T18:17:11.390122+00:00] main.INFO: Broken reference: the 'header.inner.left' element cannot be added as child to 'header', because the latter doesn't exist [] []
[2023-06-15T18:17:11.390504+00:00] main.INFO: Broken reference: the 'header.inner.right' element cannot be added as child to 'header', because the latter doesn't exist [] []
[2023-06-15T18:17:11.390916+00:00] main.INFO: Broken reference: the 'user' tries to reorder itself towards '', but their parents are different: 'header' and '' respectively. [] []
[2023-06-15T18:17:11.391294+00:00] main.INFO: Broken reference: the 'notification.messages' tries to reorder itself towards 'user', but their parents are different: 'header' and '' respectively. [] []
[2023-06-15T18:17:11.391663+00:00] main.INFO: Broken reference: the 'logo' tries to reorder itself towards '', but their parents are different: 'header' and '' respectively. [] []
[2023-06-15T18:17:11.392032+00:00] main.INFO: Broken reference: the 'global.search' tries to reorder itself towards 'logo', but their parents are different: 'header' and '' respectively. [] []
[2023-06-15T18:17:11.392444+00:00] main.INFO: Broken reference: the 'page.actions.toolbar' tries to reorder itself towards '', but their parents are different: 'page.main.actions' and '' respectively. [] []
[2023-06-15T18:17:11.392838+00:00] main.INFO: Broken reference: the 'header.inner.left' tries to reorder itself towards '', but their parents are different: 'header' and '' respectively. [] []
[2023-06-15T18:17:11.393259+00:00] main.INFO: Broken reference: the 'header.inner.right' tries to reorder itself towards 'header.inner.left', but their parents are different: 'header' and '' respectively. [] []
[2023-06-15T18:17:11.393657+00:00] main.INFO: Broken reference: the 'notification.messages' tries to reorder itself towards 'user', but their parents are different: 'header.inner.right' and '' respectively. [] []
[2023-06-15T18:17:19.828971+00:00] main.DEBUG: URI '/admin/cms/block/index/key/3643cb94eec1e476e1b1129f35177247810ad3b68928079730ca9e74923f2073/'' cannot be accessed with POST method (Magento\Cms\Controller\Adminhtml\Block\Index) [] []
[2023-06-15T18:17:19.829854+00:00] main.DEBUG: Request validation failed for action "Magento\Cms\Controller\Adminhtml\Block\Index\Interceptor" {"exception":"[object] (Magento\\Framework\\App\\Request\\InvalidRequestException(code: 0): Invalid request received at /var/www/html/vendor/magento/framework/App/Request/HttpMethodValidator.php:69)"} []
[2023-06-15T18:17:19.957722+00:00] main.DEBUG: cache_invalidate:  {"method":"POST","url":"https://app.hypeconectecom.test/admin/cms/block/index/key/3643cb94eec1e476e1b1129f35177247810ad3b68928079730ca9e74923f2073/","invalidateInfo":{"tags":["BACKEND_MAINMENU"],"mode":"matchingAnyTag"}} []
[2023-06-15T18:17:20.029045+00:00] main.DEBUG: cache_invalidate:  {"method":"POST","url":"https://app.hypeconectecom.test/admin/cms/block/index/key/3643cb94eec1e476e1b1129f35177247810ad3b68928079730ca9e74923f2073/","invalidateInfo":{"tags":["PB_EDITOR_CONFIG","CONFIG"],"mode":"matchingTag"}} []
[2023-06-15T18:17:20.042107+00:00] main.INFO: Item Magento_Backend::system_currency was removed [] []
[2023-06-15T18:17:20.045539+00:00] main.INFO: Add of item with id Magento_Config::system_config was processed [] []
[2023-06-15T18:17:20.045995+00:00] main.INFO: Add of item with id Magento_AdminNotification::system_adminnotification was processed [] []
[2023-06-15T18:17:20.046402+00:00] main.INFO: Add of item with id Magento_Theme::design_config was processed [] []
[2023-06-15T18:17:20.046783+00:00] main.INFO: Add of item with id Magento_Theme::system_design_theme was processed [] []
[2023-06-15T18:17:20.047152+00:00] main.INFO: Add of item with id Magento_Backend::system_design_schedule was processed [] []
[2023-06-15T18:17:20.047556+00:00] main.INFO: Add of item with id Magento_Backend::system_store was processed [] []
[2023-06-15T18:17:20.047934+00:00] main.INFO: Add of item with id Magento_Backend::dashboard was processed [] []
[2023-06-15T18:17:20.048316+00:00] main.INFO: Add of item with id Magento_Backend::system was processed [] []
[2023-06-15T18:17:20.048707+00:00] main.INFO: Add of item with id Magento_Backend::system_tools was processed [] []
[2023-06-15T18:17:20.049095+00:00] main.INFO: Add of item with id Magento_Backend::system_design was processed [] []
[2023-06-15T18:17:20.049465+00:00] main.INFO: Add of item with id Magento_Backend::system_convert was processed [] []
[2023-06-15T18:17:20.049845+00:00] main.INFO: Add of item with id Magento_Backend::system_cache was processed [] []
[2023-06-15T18:17:20.050216+00:00] main.INFO: Add of item with id Magento_Backend::marketing was processed [] []
[2023-06-15T18:17:20.050599+00:00] main.INFO: Add of item with id Magento_Backend::marketing_communications was processed [] []
[2023-06-15T18:17:20.050982+00:00] main.INFO: Add of item with id Magento_Backend::marketing_seo was processed [] []
[2023-06-15T18:17:20.051367+00:00] main.INFO: Add of item with id Magento_Backend::marketing_user_content was processed [] []
[2023-06-15T18:17:20.051785+00:00] main.INFO: Add of item with id Magento_Backend::content was processed [] []
[2023-06-15T18:17:20.052204+00:00] main.INFO: Add of item with id Magento_Backend::content_elements was processed [] []
[2023-06-15T18:17:20.052680+00:00] main.INFO: Add of item with id Magento_Backend::stores was processed [] []
[2023-06-15T18:17:20.053174+00:00] main.INFO: Add of item with id Magento_Backend::stores_settings was processed [] []
[2023-06-15T18:17:20.053563+00:00] main.INFO: Add of item with id Magento_Backend::stores_attributes was processed [] []
[2023-06-15T18:17:20.053933+00:00] main.INFO: Add of item with id Magento_Backend::other_settings was processed [] []
[2023-06-15T18:17:20.054342+00:00] main.INFO: Add of item with id Magento_Backend::system_other_settings was processed [] []
[2023-06-15T18:17:20.054731+00:00] main.INFO: Add of item with id Magento_User::system_acl was processed [] []
[2023-06-15T18:17:20.055150+00:00] main.INFO: Add of item with id Magento_User::system_acl_users was processed [] []
[2023-06-15T18:17:20.055524+00:00] main.INFO: Add of item with id Magento_User::system_acl_roles was processed [] []
[2023-06-15T18:17:20.055892+00:00] main.INFO: Add of item with id Magento_User::system_acl_locks was processed [] []
[2023-06-15T18:17:20.056271+00:00] main.INFO: Add of item with id Magento_Customer::customer was processed [] []
[2023-06-15T18:17:20.056663+00:00] main.INFO: Add of item with id Magento_Customer::customer_manage was processed [] []
[2023-06-15T18:17:20.057034+00:00] main.INFO: Add of item with id Magento_Customer::customer_online was processed [] []
[2023-06-15T18:17:20.057454+00:00] main.INFO: Add of item with id Magento_Customer::customer_group was processed [] []
[2023-06-15T18:17:20.057832+00:00] main.INFO: Add of item with id Magento_Backup::system_tools_backup was processed [] []
[2023-06-15T18:17:20.058264+00:00] main.INFO: Add of item with id Magento_Indexer::system_index was processed [] []
[2023-06-15T18:17:20.058640+00:00] main.INFO: Add of item with id Magento_Variable::system_variable was processed [] []
[2023-06-15T18:17:20.059018+00:00] main.INFO: Add of item with id Magento_Cms::cms_page was processed [] []
[2023-06-15T18:17:20.059382+00:00] main.INFO: Add of item with id Magento_Cms::cms_block was processed [] []
[2023-06-15T18:17:20.059755+00:00] main.INFO: Add of item with id Magento_Search::search_terms was processed [] []
[2023-06-15T18:17:20.060114+00:00] main.INFO: Add of item with id Magento_Search::search_synonyms was processed [] []
[2023-06-15T18:17:20.060823+00:00] main.INFO: Add of item with id Magento_Catalog::catalog was processed [] []
[2023-06-15T18:17:20.061214+00:00] main.INFO: Add of item with id Magento_Catalog::catalog_products was processed [] []
[2023-06-15T18:17:20.061581+00:00] main.INFO: Add of item with id Magento_Catalog::catalog_categories was processed [] []
[2023-06-15T18:17:20.061960+00:00] main.INFO: Add of item with id Magento_Catalog::catalog_attributes_attributes was processed [] []
[2023-06-15T18:17:20.062311+00:00] main.INFO: Add of item with id Magento_Catalog::catalog_attributes_sets was processed [] []
[2023-06-15T18:17:20.062681+00:00] main.INFO: Add of item with id Magento_Catalog::inventory was processed [] []
[2023-06-15T18:17:20.063017+00:00] main.INFO: Add of item with id Magento_CatalogRule::promo was processed [] []
[2023-06-15T18:17:20.063364+00:00] main.INFO: Add of item with id Magento_CatalogRule::promo_catalog was processed [] []
[2023-06-15T18:17:20.063717+00:00] main.INFO: Add of item with id Magento_MediaGalleryUi::media was processed [] []
[2023-06-15T18:17:20.064075+00:00] main.INFO: Add of item with id Magento_MediaGalleryUi::media_gallery was processed [] []
[2023-06-15T18:17:20.064767+00:00] main.INFO: Add of item with id Magento_Integration::system_extensions was processed [] []
[2023-06-15T18:17:20.065183+00:00] main.INFO: Add of item with id Magento_Integration::system_integrations was processed [] []
[2023-06-15T18:17:20.065541+00:00] main.INFO: Add of item with id Magento_Sales::sales was processed [] []
[2023-06-15T18:17:20.065920+00:00] main.INFO: Add of item with id Magento_Sales::sales_operation was processed [] []
[2023-06-15T18:17:20.066288+00:00] main.INFO: Add of item with id Magento_Sales::sales_order was processed [] []
[2023-06-15T18:17:20.066719+00:00] main.INFO: Add of item with id Magento_Sales::sales_invoice was processed [] []
[2023-06-15T18:17:20.067139+00:00] main.INFO: Add of item with id Magento_Sales::sales_shipment was processed [] []
[2023-06-15T18:17:20.067490+00:00] main.INFO: Add of item with id Magento_Sales::sales_creditmemo was processed [] []
[2023-06-15T18:17:20.067824+00:00] main.INFO: Add of item with id Magento_Sales::sales_transactions was processed [] []
[2023-06-15T18:17:20.068163+00:00] main.INFO: Add of item with id Magento_Sales::system_order_statuses was processed [] []
[2023-06-15T18:17:20.068514+00:00] main.INFO: Add of item with id Magento_Widget::cms_widget_instance was processed [] []
[2023-06-15T18:17:20.068871+00:00] main.INFO: Add of item with id Magento_Analytics::business_intelligence was processed [] []
[2023-06-15T18:17:20.069227+00:00] main.INFO: Add of item with id Magento_Analytics::advanced_reporting was processed [] []
[2023-06-15T18:17:20.069567+00:00] main.INFO: Add of item with id Magento_Analytics::bi_essentials was processed [] []
[2023-06-15T18:17:20.069917+00:00] main.INFO: Add of item with id Magento_Downloadable::report_products_downloads was processed [] []
[2023-06-15T18:17:20.070271+00:00] main.INFO: Add of item with id Magento_ImportExport::system_convert_import was processed [] []
[2023-06-15T18:17:20.070626+00:00] main.INFO: Add of item with id Magento_ImportExport::system_convert_export was processed [] []
[2023-06-15T18:17:20.070956+00:00] main.INFO: Add of item with id Magento_ImportExport::system_convert_history was processed [] []
[2023-06-15T18:17:20.071301+00:00] main.INFO: Add of item with id Magento_Email::template was processed [] []
[2023-06-15T18:17:20.071640+00:00] main.INFO: Add of item with id Magento_EncryptionKey::system_crypt_key was processed [] []
[2023-06-15T18:17:20.071970+00:00] main.INFO: Add of item with id Magento_InventoryAdminUi::inventory was processed [] []
[2023-06-15T18:17:20.072326+00:00] main.INFO: Add of item with id Magento_InventoryAdminUi::source was processed [] []
[2023-06-15T18:17:20.072669+00:00] main.INFO: Add of item with id Magento_InventoryAdminUi::stock was processed [] []
[2023-06-15T18:17:20.073002+00:00] main.INFO: Add of item with id Magento_Reports::report was processed [] []
[2023-06-15T18:17:20.073334+00:00] main.INFO: Add of item with id Magento_Reports::report_marketing was processed [] []
[2023-06-15T18:17:20.073663+00:00] main.INFO: Add of item with id Magento_Reports::report_salesroot was processed [] []
[2023-06-15T18:17:20.074012+00:00] main.INFO: Add of item with id Magento_Reports::report_salesroot_sales was processed [] []
[2023-06-15T18:17:20.074444+00:00] main.INFO: Add of item with id Magento_Reports::report_salesroot_tax was processed [] []
[2023-06-15T18:17:20.074817+00:00] main.INFO: Add of item with id Magento_Reports::report_salesroot_invoiced was processed [] []
[2023-06-15T18:17:20.075171+00:00] main.INFO: Add of item with id Magento_Reports::report_salesroot_shipping was processed [] []
[2023-06-15T18:17:20.075528+00:00] main.INFO: Add of item with id Magento_Reports::report_salesroot_refunded was processed [] []
[2023-06-15T18:17:20.076210+00:00] main.INFO: Add of item with id Magento_Reports::report_salesroot_coupons was processed [] []
[2023-06-15T18:17:20.076597+00:00] main.INFO: Add of item with id Magento_Reports::report_shopcart_product was processed [] []
[2023-06-15T18:17:20.076957+00:00] main.INFO: Add of item with id Magento_Reports::report_shopcart_abandoned was processed [] []
[2023-06-15T18:17:20.077323+00:00] main.INFO: Add of item with id Magento_Reports::report_products was processed [] []
[2023-06-15T18:17:20.077657+00:00] main.INFO: Add of item with id Magento_Reports::report_products_bestsellers was processed [] []
[2023-06-15T18:17:20.077987+00:00] main.INFO: Add of item with id Magento_Reports::report_products_sold was processed [] []
[2023-06-15T18:17:20.078316+00:00] main.INFO: Add of item with id Magento_Reports::report_products_viewed was processed [] []
[2023-06-15T18:17:20.078657+00:00] main.INFO: Add of item with id Magento_Reports::report_products_lowstock was processed [] []
[2023-06-15T18:17:20.078975+00:00] main.INFO: Add of item with id Magento_Reports::report_customers was processed [] []
[2023-06-15T18:17:20.079312+00:00] main.INFO: Add of item with id Magento_Reports::report_customers_accounts was processed [] []
[2023-06-15T18:17:20.079638+00:00] main.INFO: Add of item with id Magento_Reports::report_customers_totals was processed [] []
[2023-06-15T18:17:20.080328+00:00] main.INFO: Add of item with id Magento_Reports::report_customers_orders was processed [] []
[2023-06-15T18:17:20.081350+00:00] main.INFO: Add of item with id Magento_Reports::report_statistics was processed [] []
[2023-06-15T18:17:20.082462+00:00] main.INFO: Add of item with id Magento_Reports::report_statistics_refresh was processed [] []
[2023-06-15T18:17:20.083309+00:00] main.INFO: Add of item with id Magento_Search::report_search_term was processed [] []
[2023-06-15T18:17:20.084076+00:00] main.INFO: Add of item with id Magento_LoginAsCustomerLog::login_log was processed [] []
[2023-06-15T18:17:20.084847+00:00] main.INFO: Add of item with id Magento_Marketplace::partners was processed [] []
[2023-06-15T18:17:20.085727+00:00] main.INFO: Add of item with id Magento_Newsletter::newsletter_template was processed [] []
[2023-06-15T18:17:20.086081+00:00] main.INFO: Add of item with id Magento_Newsletter::newsletter_queue was processed [] []
[2023-06-15T18:17:20.086416+00:00] main.INFO: Add of item with id Magento_Newsletter::newsletter_subscriber was processed [] []
[2023-06-15T18:17:20.086749+00:00] main.INFO: Add of item with id Magento_Newsletter::newsletter_problem was processed [] []
[2023-06-15T18:17:20.087078+00:00] main.INFO: Add of item with id Magento_SalesRule::promo_quote was processed [] []
[2023-06-15T18:17:20.087417+00:00] main.INFO: Add of item with id Magento_Sitemap::catalog_sitemap was processed [] []
[2023-06-15T18:17:20.087755+00:00] main.INFO: Add of item with id Magento_PageBuilder::templates was processed [] []
[2023-06-15T18:17:20.088086+00:00] main.INFO: Add of item with id Magento_Paypal::report_salesroot_paypal_settlement_reports was processed [] []
[2023-06-15T18:17:20.088432+00:00] main.INFO: Add of item with id Magento_Paypal::paypal_billing_agreement was processed [] []
[2023-06-15T18:17:20.088773+00:00] main.INFO: Add of item with id Magento_CheckoutAgreements::sales_checkoutagreement was processed [] []
[2023-06-15T18:17:20.089093+00:00] main.INFO: Add of item with id Magento_Review::catalog_reviews_ratings_ratings was processed [] []
[2023-06-15T18:17:20.089495+00:00] main.INFO: Add of item with id Magento_Review::catalog_reviews_ratings_pending was processed [] []
[2023-06-15T18:17:20.089832+00:00] main.INFO: Add of item with id Magento_Review::catalog_reviews_ratings_reviews_all was processed [] []
[2023-06-15T18:17:20.090156+00:00] main.INFO: Add of item with id Magento_Review::report_review was processed [] []
[2023-06-15T18:17:20.090499+00:00] main.INFO: Add of item with id Magento_Review::report_review_customer was processed [] []
[2023-06-15T18:17:20.090827+00:00] main.INFO: Add of item with id Magento_Review::report_review_product was processed [] []
[2023-06-15T18:17:20.091149+00:00] main.INFO: Add of item with id Magento_UrlRewrite::urlrewrite was processed [] []
[2023-06-15T18:17:20.091468+00:00] main.INFO: Add of item with id Magento_Tax::sales_tax was processed [] []
[2023-06-15T18:17:20.091808+00:00] main.INFO: Add of item with id Magento_Tax::sales_tax_rules was processed [] []
[2023-06-15T18:17:20.092147+00:00] main.INFO: Add of item with id Magento_Tax::sales_tax_rates was processed [] []
[2023-06-15T18:17:20.092489+00:00] main.INFO: Add of item with id Magento_TaxImportExport::system_convert_tax was processed [] []
[2023-06-15T18:17:20.092824+00:00] main.INFO: Add of item with id Magento_AsynchronousOperations::system_magento_logging was processed [] []
[2023-06-15T18:17:20.093154+00:00] main.INFO: Add of item with id Magento_AsynchronousOperations::system_magento_logging_bulk_operations was processed [] []
[2023-06-15T18:17:20.093472+00:00] main.INFO: Add of item with id Magento_CurrencySymbol::system_currency was processed [] []
[2023-06-15T18:17:20.093802+00:00] main.INFO: Add of item with id Magento_CurrencySymbol::system_currency_rates was processed [] []
[2023-06-15T18:17:20.094117+00:00] main.INFO: Add of item with id Magento_CurrencySymbol::system_currency_symbols was processed [] []
[2023-06-15T18:17:20.094428+00:00] main.INFO: Add of item with id PayPal_Braintree::settlement_report was processed [] []
[2023-06-15T18:17:20.094826+00:00] main.INFO: Add of item with id PayPal_Braintree::virtual_terminal was processed [] []
[2023-06-15T18:17:21.426206+00:00] main.INFO: Broken reference: the 'notification.messages' tries to reorder itself towards 'user', but their parents are different: 'header.inner.right' and 'header' respectively. [] []
