[2023-06-19T04:07:17.389119+00:00] main.INFO: Broken reference: the 'catalog.compare.sidebar' element cannot be added as child to 'sidebar.additional', because the latter doesn't exist [] []
[2023-06-19T04:07:17.389636+00:00] main.INFO: Broken reference: the 'sale.reorder.sidebar' element cannot be added as child to 'sidebar.additional', because the latter doesn't exist [] []
[2023-06-19T04:07:17.390058+00:00] main.INFO: Broken reference: the 'wishlist_sidebar' element cannot be added as child to 'sidebar.additional', because the latter doesn't exist [] []
[2023-06-19T04:07:17.390851+00:00] main.INFO: Broken reference: the 'paypal.partner.right.logo' element cannot be added as child to 'sidebar.additional', because the latter doesn't exist [] []
[2023-06-19T04:07:17.391288+00:00] main.INFO: Broken reference: the 'bml.right.logo' element cannot be added as child to 'sidebar.additional', because the latter doesn't exist [] []
[2023-06-19T04:07:17.391591+00:00] main.INFO: Broken reference: the 'sidebar.container.paylater' element cannot be added as child to 'sidebar.additional', because the latter doesn't exist [] []
[2023-06-19T04:07:21.230999+00:00] main.ERROR: Unable to resolve the source file for 'frontend/HypeConectEcom/EcomHype/pt_BR/moment.min.js.map' [] []
[2023-06-19T04:07:21.231749+00:00] main.CRITICAL: Unable to resolve the source file for 'frontend/HypeConectEcom/EcomHype/pt_BR/moment.min.js.map' [] []
[2023-06-19T04:07:23.376788+00:00] main.ERROR: Unable to resolve the source file for 'frontend/HypeConectEcom/EcomHype/pt_BR/Magento_PageBuilder/js/resource/jarallax/jarallax.js.map' [] []
[2023-06-19T04:07:23.381543+00:00] main.CRITICAL: Unable to resolve the source file for 'frontend/HypeConectEcom/EcomHype/pt_BR/Magento_PageBuilder/js/resource/jarallax/jarallax.js.map' [] []
[2023-06-19T04:07:23.829639+00:00] main.ERROR: Unable to resolve the source file for 'frontend/HypeConectEcom/EcomHype/pt_BR/vimeo/player.js.map' [] []
[2023-06-19T04:07:23.830913+00:00] main.CRITICAL: Unable to resolve the source file for 'frontend/HypeConectEcom/EcomHype/pt_BR/vimeo/player.js.map' [] []
[2023-06-19T04:07:23.921735+00:00] main.ERROR: Unable to resolve the source file for 'frontend/HypeConectEcom/EcomHype/pt_BR/Magento_PageBuilder/js/resource/jarallax/jarallax-video.js.map' [] []
[2023-06-19T04:07:23.922323+00:00] main.CRITICAL: Unable to resolve the source file for 'frontend/HypeConectEcom/EcomHype/pt_BR/Magento_PageBuilder/js/resource/jarallax/jarallax-video.js.map' [] []
[2023-06-19T04:07:45.455471+00:00] main.ERROR: Unable to resolve the source file for 'frontend/HypeConectEcom/EcomHype/pt_BR/moment.min.js.map' [] []
[2023-06-19T04:07:45.456689+00:00] main.CRITICAL: Unable to resolve the source file for 'frontend/HypeConectEcom/EcomHype/pt_BR/moment.min.js.map' [] []
[2023-06-19T04:07:45.980269+00:00] main.ERROR: Unable to resolve the source file for 'frontend/HypeConectEcom/EcomHype/pt_BR/Magento_PageBuilder/js/resource/jarallax/jarallax.js.map' [] []
[2023-06-19T04:07:45.981311+00:00] main.CRITICAL: Unable to resolve the source file for 'frontend/HypeConectEcom/EcomHype/pt_BR/Magento_PageBuilder/js/resource/jarallax/jarallax.js.map' [] []
[2023-06-19T04:07:46.158877+00:00] main.ERROR: Unable to resolve the source file for 'frontend/HypeConectEcom/EcomHype/pt_BR/vimeo/player.js.map' [] []
[2023-06-19T04:07:46.160206+00:00] main.CRITICAL: Unable to resolve the source file for 'frontend/HypeConectEcom/EcomHype/pt_BR/vimeo/player.js.map' [] []
[2023-06-19T04:07:46.205933+00:00] main.ERROR: Unable to resolve the source file for 'frontend/HypeConectEcom/EcomHype/pt_BR/Magento_PageBuilder/js/resource/jarallax/jarallax-video.js.map' [] []
[2023-06-19T04:07:46.207543+00:00] main.CRITICAL: Unable to resolve the source file for 'frontend/HypeConectEcom/EcomHype/pt_BR/Magento_PageBuilder/js/resource/jarallax/jarallax-video.js.map' [] []
[2023-06-19T04:14:50.300680+00:00] main.ERROR: Unable to resolve the source file for 'frontend/HypeConectEcom/EcomHype/pt_BR/moment.min.js.map' [] []
[2023-06-19T04:14:50.302215+00:00] main.CRITICAL: Unable to resolve the source file for 'frontend/HypeConectEcom/EcomHype/pt_BR/moment.min.js.map' [] []
[2023-06-19T04:14:50.850575+00:00] main.ERROR: Unable to resolve the source file for 'frontend/HypeConectEcom/EcomHype/pt_BR/Magento_PageBuilder/js/resource/jarallax/jarallax.js.map' [] []
[2023-06-19T04:14:50.851753+00:00] main.CRITICAL: Unable to resolve the source file for 'frontend/HypeConectEcom/EcomHype/pt_BR/Magento_PageBuilder/js/resource/jarallax/jarallax.js.map' [] []
[2023-06-19T04:14:51.092079+00:00] main.ERROR: Unable to resolve the source file for 'frontend/HypeConectEcom/EcomHype/pt_BR/vimeo/player.js.map' [] []
[2023-06-19T04:14:51.093737+00:00] main.CRITICAL: Unable to resolve the source file for 'frontend/HypeConectEcom/EcomHype/pt_BR/vimeo/player.js.map' [] []
[2023-06-19T04:14:51.177035+00:00] main.ERROR: Unable to resolve the source file for 'frontend/HypeConectEcom/EcomHype/pt_BR/Magento_PageBuilder/js/resource/jarallax/jarallax-video.js.map' [] []
[2023-06-19T04:14:51.178292+00:00] main.CRITICAL: Unable to resolve the source file for 'frontend/HypeConectEcom/EcomHype/pt_BR/Magento_PageBuilder/js/resource/jarallax/jarallax-video.js.map' [] []
[2023-06-19T04:18:33.840113+00:00] main.INFO: Broken reference: the 'tracking' element cannot be added as child to 'header', because the latter doesn't exist [] []
[2023-06-19T04:18:33.840596+00:00] main.INFO: Broken reference: the 'notification_area' element cannot be added as child to 'notifications', because the latter doesn't exist [] []
[2023-06-19T04:18:33.840931+00:00] main.INFO: Broken reference: the 'unread_system_messages' element cannot be added as child to 'notifications', because the latter doesn't exist [] []
[2023-06-19T04:18:33.841300+00:00] main.INFO: Broken reference: the 'notification_window' element cannot be added as child to 'notifications', because the latter doesn't exist [] []
[2023-06-19T04:18:33.841670+00:00] main.INFO: Broken reference: the 'notification.messages' element cannot be added as child to 'header', because the latter doesn't exist [] []
[2023-06-19T04:18:33.842020+00:00] main.INFO: Broken reference: the 'global_notices' element cannot be added as child to 'global.notices', because the latter doesn't exist [] []
[2023-06-19T04:18:33.842336+00:00] main.INFO: Broken reference: the 'logo' element cannot be added as child to 'header', because the latter doesn't exist [] []
[2023-06-19T04:18:33.842676+00:00] main.INFO: Broken reference: the 'global.search' element cannot be added as child to 'header', because the latter doesn't exist [] []
[2023-06-19T04:18:33.842993+00:00] main.INFO: Broken reference: the 'user' element cannot be added as child to 'header', because the latter doesn't exist [] []
[2023-06-19T04:18:33.843309+00:00] main.INFO: Broken reference: the 'menu' element cannot be added as child to 'page.menu', because the latter doesn't exist [] []
[2023-06-19T04:18:33.843624+00:00] main.INFO: Broken reference: the 'breadcrumbs' element cannot be added as child to 'page.breadcrumbs', because the latter doesn't exist [] []
[2023-06-19T04:18:33.843936+00:00] main.INFO: Broken reference: the 'formkey' element cannot be added as child to 'page.formkey', because the latter doesn't exist [] []
[2023-06-19T04:18:33.844274+00:00] main.INFO: Broken reference: the 'page.title' element cannot be added as child to 'main.top', because the latter doesn't exist [] []
[2023-06-19T04:18:33.844595+00:00] main.INFO: Broken reference: the 'messages' element cannot be added as child to 'page.messages', because the latter doesn't exist [] []
[2023-06-19T04:18:33.844928+00:00] main.INFO: Broken reference: the 'page.actions.toolbar' element cannot be added as child to 'page.main.actions', because the latter doesn't exist [] []
[2023-06-19T04:18:33.845269+00:00] main.INFO: Broken reference: the 'legal' element cannot be added as child to 'footer', because the latter doesn't exist [] []
[2023-06-19T04:18:33.845641+00:00] main.INFO: Broken reference: the 'header.inner.left' element cannot be added as child to 'header', because the latter doesn't exist [] []
[2023-06-19T04:18:33.846013+00:00] main.INFO: Broken reference: the 'header.inner.right' element cannot be added as child to 'header', because the latter doesn't exist [] []
[2023-06-19T04:18:33.846378+00:00] main.INFO: Broken reference: the 'user' tries to reorder itself towards '', but their parents are different: 'header' and '' respectively. [] []
[2023-06-19T04:18:33.846708+00:00] main.INFO: Broken reference: the 'notification.messages' tries to reorder itself towards 'user', but their parents are different: 'header' and '' respectively. [] []
[2023-06-19T04:18:33.847045+00:00] main.INFO: Broken reference: the 'logo' tries to reorder itself towards '', but their parents are different: 'header' and '' respectively. [] []
[2023-06-19T04:18:33.847358+00:00] main.INFO: Broken reference: the 'global.search' tries to reorder itself towards 'logo', but their parents are different: 'header' and '' respectively. [] []
[2023-06-19T04:18:33.847669+00:00] main.INFO: Broken reference: the 'page.actions.toolbar' tries to reorder itself towards '', but their parents are different: 'page.main.actions' and '' respectively. [] []
[2023-06-19T04:18:33.847994+00:00] main.INFO: Broken reference: the 'header.inner.left' tries to reorder itself towards '', but their parents are different: 'header' and '' respectively. [] []
[2023-06-19T04:18:33.848332+00:00] main.INFO: Broken reference: the 'header.inner.right' tries to reorder itself towards 'header.inner.left', but their parents are different: 'header' and '' respectively. [] []
[2023-06-19T04:18:33.848735+00:00] main.INFO: Broken reference: the 'notification.messages' tries to reorder itself towards 'user', but their parents are different: 'header.inner.right' and '' respectively. [] []
[2023-06-19T04:18:41.846539+00:00] main.INFO: Item Magento_Backend::system_currency was removed [] []
[2023-06-19T04:18:41.849509+00:00] main.INFO: Add of item with id Magento_Config::system_config was processed [] []
[2023-06-19T04:18:41.849944+00:00] main.INFO: Add of item with id Magento_AdminNotification::system_adminnotification was processed [] []
[2023-06-19T04:18:41.850325+00:00] main.INFO: Add of item with id Magento_Theme::design_config was processed [] []
[2023-06-19T04:18:41.850661+00:00] main.INFO: Add of item with id Magento_Theme::system_design_theme was processed [] []
[2023-06-19T04:18:41.851014+00:00] main.INFO: Add of item with id Magento_Backend::system_design_schedule was processed [] []
[2023-06-19T04:18:41.851350+00:00] main.INFO: Add of item with id Magento_Backend::system_store was processed [] []
[2023-06-19T04:18:41.851677+00:00] main.INFO: Add of item with id Magento_Backend::dashboard was processed [] []
[2023-06-19T04:18:41.852001+00:00] main.INFO: Add of item with id Magento_Backend::system was processed [] []
[2023-06-19T04:18:41.852342+00:00] main.INFO: Add of item with id Magento_Backend::system_tools was processed [] []
[2023-06-19T04:18:41.852697+00:00] main.INFO: Add of item with id Magento_Backend::system_design was processed [] []
[2023-06-19T04:18:41.853029+00:00] main.INFO: Add of item with id Magento_Backend::system_convert was processed [] []
[2023-06-19T04:18:41.853368+00:00] main.INFO: Add of item with id Magento_Backend::system_cache was processed [] []
[2023-06-19T04:18:41.853711+00:00] main.INFO: Add of item with id Magento_Backend::marketing was processed [] []
[2023-06-19T04:18:41.854058+00:00] main.INFO: Add of item with id Magento_Backend::marketing_communications was processed [] []
[2023-06-19T04:18:41.854394+00:00] main.INFO: Add of item with id Magento_Backend::marketing_seo was processed [] []
[2023-06-19T04:18:41.854710+00:00] main.INFO: Add of item with id Magento_Backend::marketing_user_content was processed [] []
[2023-06-19T04:18:41.855023+00:00] main.INFO: Add of item with id Magento_Backend::content was processed [] []
[2023-06-19T04:18:41.855336+00:00] main.INFO: Add of item with id Magento_Backend::content_elements was processed [] []
[2023-06-19T04:18:41.855710+00:00] main.INFO: Add of item with id Magento_Backend::stores was processed [] []
[2023-06-19T04:18:41.856081+00:00] main.INFO: Add of item with id Magento_Backend::stores_settings was processed [] []
[2023-06-19T04:18:41.856407+00:00] main.INFO: Add of item with id Magento_Backend::stores_attributes was processed [] []
[2023-06-19T04:18:41.856724+00:00] main.INFO: Add of item with id Magento_Backend::other_settings was processed [] []
[2023-06-19T04:18:41.857037+00:00] main.INFO: Add of item with id Magento_Backend::system_other_settings was processed [] []
[2023-06-19T04:18:41.857352+00:00] main.INFO: Add of item with id Magento_User::system_acl was processed [] []
[2023-06-19T04:18:41.857682+00:00] main.INFO: Add of item with id Magento_User::system_acl_users was processed [] []
[2023-06-19T04:18:41.858029+00:00] main.INFO: Add of item with id Magento_User::system_acl_roles was processed [] []
[2023-06-19T04:18:41.858345+00:00] main.INFO: Add of item with id Magento_User::system_acl_locks was processed [] []
[2023-06-19T04:18:41.858659+00:00] main.INFO: Add of item with id Magento_Customer::customer was processed [] []
[2023-06-19T04:18:41.858987+00:00] main.INFO: Add of item with id Magento_Customer::customer_manage was processed [] []
[2023-06-19T04:18:41.859305+00:00] main.INFO: Add of item with id Magento_Customer::customer_online was processed [] []
[2023-06-19T04:18:41.859618+00:00] main.INFO: Add of item with id Magento_Customer::customer_group was processed [] []
[2023-06-19T04:18:41.859931+00:00] main.INFO: Add of item with id Magento_Backup::system_tools_backup was processed [] []
[2023-06-19T04:18:41.860243+00:00] main.INFO: Add of item with id Magento_Indexer::system_index was processed [] []
[2023-06-19T04:18:41.860554+00:00] main.INFO: Add of item with id Magento_Variable::system_variable was processed [] []
[2023-06-19T04:18:41.860881+00:00] main.INFO: Add of item with id Magento_Cms::cms_page was processed [] []
[2023-06-19T04:18:41.861199+00:00] main.INFO: Add of item with id Magento_Cms::cms_block was processed [] []
[2023-06-19T04:18:41.861527+00:00] main.INFO: Add of item with id Magento_Search::search_terms was processed [] []
[2023-06-19T04:18:41.861867+00:00] main.INFO: Add of item with id Magento_Search::search_synonyms was processed [] []
[2023-06-19T04:18:41.862182+00:00] main.INFO: Add of item with id Magento_Catalog::catalog was processed [] []
[2023-06-19T04:18:41.862509+00:00] main.INFO: Add of item with id Magento_Catalog::catalog_products was processed [] []
[2023-06-19T04:18:41.862827+00:00] main.INFO: Add of item with id Magento_Catalog::catalog_categories was processed [] []
[2023-06-19T04:18:41.863189+00:00] main.INFO: Add of item with id Magento_Catalog::catalog_attributes_attributes was processed [] []
[2023-06-19T04:18:41.863524+00:00] main.INFO: Add of item with id Magento_Catalog::catalog_attributes_sets was processed [] []
[2023-06-19T04:18:41.863844+00:00] main.INFO: Add of item with id Magento_Catalog::inventory was processed [] []
[2023-06-19T04:18:41.864163+00:00] main.INFO: Add of item with id Magento_CatalogRule::promo was processed [] []
[2023-06-19T04:18:41.864485+00:00] main.INFO: Add of item with id Magento_CatalogRule::promo_catalog was processed [] []
[2023-06-19T04:18:41.864795+00:00] main.INFO: Add of item with id Magento_MediaGalleryUi::media was processed [] []
[2023-06-19T04:18:41.865115+00:00] main.INFO: Add of item with id Magento_MediaGalleryUi::media_gallery was processed [] []
[2023-06-19T04:18:41.865472+00:00] main.INFO: Add of item with id Magento_Integration::system_extensions was processed [] []
[2023-06-19T04:18:41.865803+00:00] main.INFO: Add of item with id Magento_Integration::system_integrations was processed [] []
[2023-06-19T04:18:41.866112+00:00] main.INFO: Add of item with id Magento_Sales::sales was processed [] []
[2023-06-19T04:18:41.866423+00:00] main.INFO: Add of item with id Magento_Sales::sales_operation was processed [] []
[2023-06-19T04:18:41.866738+00:00] main.INFO: Add of item with id Magento_Sales::sales_order was processed [] []
[2023-06-19T04:18:41.867040+00:00] main.INFO: Add of item with id Magento_Sales::sales_invoice was processed [] []
[2023-06-19T04:18:41.867344+00:00] main.INFO: Add of item with id Magento_Sales::sales_shipment was processed [] []
[2023-06-19T04:18:41.867639+00:00] main.INFO: Add of item with id Magento_Sales::sales_creditmemo was processed [] []
[2023-06-19T04:18:41.867936+00:00] main.INFO: Add of item with id Magento_Sales::sales_transactions was processed [] []
[2023-06-19T04:18:41.868230+00:00] main.INFO: Add of item with id Magento_Sales::system_order_statuses was processed [] []
[2023-06-19T04:18:41.868526+00:00] main.INFO: Add of item with id Magento_Widget::cms_widget_instance was processed [] []
[2023-06-19T04:18:41.868834+00:00] main.INFO: Add of item with id Magento_Analytics::business_intelligence was processed [] []
[2023-06-19T04:18:41.869175+00:00] main.INFO: Add of item with id Magento_Analytics::advanced_reporting was processed [] []
[2023-06-19T04:18:41.869479+00:00] main.INFO: Add of item with id Magento_Analytics::bi_essentials was processed [] []
[2023-06-19T04:18:41.869802+00:00] main.INFO: Add of item with id Magento_Downloadable::report_products_downloads was processed [] []
[2023-06-19T04:18:41.870123+00:00] main.INFO: Add of item with id Magento_ImportExport::system_convert_import was processed [] []
[2023-06-19T04:18:41.870426+00:00] main.INFO: Add of item with id Magento_ImportExport::system_convert_export was processed [] []
[2023-06-19T04:18:41.870722+00:00] main.INFO: Add of item with id Magento_ImportExport::system_convert_history was processed [] []
[2023-06-19T04:18:41.871030+00:00] main.INFO: Add of item with id Magento_Email::template was processed [] []
[2023-06-19T04:18:41.871334+00:00] main.INFO: Add of item with id Magento_EncryptionKey::system_crypt_key was processed [] []
[2023-06-19T04:18:41.871629+00:00] main.INFO: Add of item with id Magento_InventoryAdminUi::inventory was processed [] []
[2023-06-19T04:18:41.871939+00:00] main.INFO: Add of item with id Magento_InventoryAdminUi::source was processed [] []
[2023-06-19T04:18:41.872261+00:00] main.INFO: Add of item with id Magento_InventoryAdminUi::stock was processed [] []
[2023-06-19T04:18:41.872695+00:00] main.INFO: Add of item with id Magento_Reports::report was processed [] []
[2023-06-19T04:18:41.873031+00:00] main.INFO: Add of item with id Magento_Reports::report_marketing was processed [] []
[2023-06-19T04:18:41.873323+00:00] main.INFO: Add of item with id Magento_Reports::report_salesroot was processed [] []
[2023-06-19T04:18:41.873628+00:00] main.INFO: Add of item with id Magento_Reports::report_salesroot_sales was processed [] []
[2023-06-19T04:18:41.873938+00:00] main.INFO: Add of item with id Magento_Reports::report_salesroot_tax was processed [] []
[2023-06-19T04:18:41.874229+00:00] main.INFO: Add of item with id Magento_Reports::report_salesroot_invoiced was processed [] []
[2023-06-19T04:18:41.874518+00:00] main.INFO: Add of item with id Magento_Reports::report_salesroot_shipping was processed [] []
[2023-06-19T04:18:41.874814+00:00] main.INFO: Add of item with id Magento_Reports::report_salesroot_refunded was processed [] []
[2023-06-19T04:18:41.875103+00:00] main.INFO: Add of item with id Magento_Reports::report_salesroot_coupons was processed [] []
[2023-06-19T04:18:41.875408+00:00] main.INFO: Add of item with id Magento_Reports::report_shopcart_product was processed [] []
[2023-06-19T04:18:41.875702+00:00] main.INFO: Add of item with id Magento_Reports::report_shopcart_abandoned was processed [] []
[2023-06-19T04:18:41.875989+00:00] main.INFO: Add of item with id Magento_Reports::report_products was processed [] []
[2023-06-19T04:18:41.876277+00:00] main.INFO: Add of item with id Magento_Reports::report_products_bestsellers was processed [] []
[2023-06-19T04:18:41.876564+00:00] main.INFO: Add of item with id Magento_Reports::report_products_sold was processed [] []
[2023-06-19T04:18:41.876850+00:00] main.INFO: Add of item with id Magento_Reports::report_products_viewed was processed [] []
[2023-06-19T04:18:41.877134+00:00] main.INFO: Add of item with id Magento_Reports::report_products_lowstock was processed [] []
[2023-06-19T04:18:41.877425+00:00] main.INFO: Add of item with id Magento_Reports::report_customers was processed [] []
[2023-06-19T04:18:41.877733+00:00] main.INFO: Add of item with id Magento_Reports::report_customers_accounts was processed [] []
[2023-06-19T04:18:41.878032+00:00] main.INFO: Add of item with id Magento_Reports::report_customers_totals was processed [] []
[2023-06-19T04:18:41.878322+00:00] main.INFO: Add of item with id Magento_Reports::report_customers_orders was processed [] []
[2023-06-19T04:18:41.878609+00:00] main.INFO: Add of item with id Magento_Reports::report_statistics was processed [] []
[2023-06-19T04:18:41.878911+00:00] main.INFO: Add of item with id Magento_Reports::report_statistics_refresh was processed [] []
[2023-06-19T04:18:41.879204+00:00] main.INFO: Add of item with id Magento_Search::report_search_term was processed [] []
[2023-06-19T04:18:41.879492+00:00] main.INFO: Add of item with id Magento_LoginAsCustomerLog::login_log was processed [] []
[2023-06-19T04:18:41.879778+00:00] main.INFO: Add of item with id Magento_Marketplace::partners was processed [] []
[2023-06-19T04:18:41.880066+00:00] main.INFO: Add of item with id Magento_Newsletter::newsletter_template was processed [] []
[2023-06-19T04:18:41.880352+00:00] main.INFO: Add of item with id Magento_Newsletter::newsletter_queue was processed [] []
[2023-06-19T04:18:41.880639+00:00] main.INFO: Add of item with id Magento_Newsletter::newsletter_subscriber was processed [] []
[2023-06-19T04:18:41.880924+00:00] main.INFO: Add of item with id Magento_Newsletter::newsletter_problem was processed [] []
[2023-06-19T04:18:41.881209+00:00] main.INFO: Add of item with id Magento_SalesRule::promo_quote was processed [] []
[2023-06-19T04:18:41.881495+00:00] main.INFO: Add of item with id Magento_Sitemap::catalog_sitemap was processed [] []
[2023-06-19T04:18:41.881792+00:00] main.INFO: Add of item with id Magento_PageBuilder::templates was processed [] []
[2023-06-19T04:18:41.882105+00:00] main.INFO: Add of item with id Magento_Paypal::report_salesroot_paypal_settlement_reports was processed [] []
[2023-06-19T04:18:41.882421+00:00] main.INFO: Add of item with id Magento_Paypal::paypal_billing_agreement was processed [] []
[2023-06-19T04:18:41.882766+00:00] main.INFO: Add of item with id Magento_CheckoutAgreements::sales_checkoutagreement was processed [] []
[2023-06-19T04:18:41.883065+00:00] main.INFO: Add of item with id Magento_Review::catalog_reviews_ratings_ratings was processed [] []
[2023-06-19T04:18:41.883378+00:00] main.INFO: Add of item with id Magento_Review::catalog_reviews_ratings_pending was processed [] []
[2023-06-19T04:18:41.883675+00:00] main.INFO: Add of item with id Magento_Review::catalog_reviews_ratings_reviews_all was processed [] []
[2023-06-19T04:18:41.883964+00:00] main.INFO: Add of item with id Magento_Review::report_review was processed [] []
[2023-06-19T04:18:41.884276+00:00] main.INFO: Add of item with id Magento_Review::report_review_customer was processed [] []
[2023-06-19T04:18:41.884571+00:00] main.INFO: Add of item with id Magento_Review::report_review_product was processed [] []
[2023-06-19T04:18:41.884860+00:00] main.INFO: Add of item with id Magento_UrlRewrite::urlrewrite was processed [] []
[2023-06-19T04:18:41.885147+00:00] main.INFO: Add of item with id Magento_Tax::sales_tax was processed [] []
[2023-06-19T04:18:41.885447+00:00] main.INFO: Add of item with id Magento_Tax::sales_tax_rules was processed [] []
[2023-06-19T04:18:41.885754+00:00] main.INFO: Add of item with id Magento_Tax::sales_tax_rates was processed [] []
[2023-06-19T04:18:41.886048+00:00] main.INFO: Add of item with id Magento_TaxImportExport::system_convert_tax was processed [] []
[2023-06-19T04:18:41.886337+00:00] main.INFO: Add of item with id Magento_AsynchronousOperations::system_magento_logging was processed [] []
[2023-06-19T04:18:41.886639+00:00] main.INFO: Add of item with id Magento_AsynchronousOperations::system_magento_logging_bulk_operations was processed [] []
[2023-06-19T04:18:41.886934+00:00] main.INFO: Add of item with id Magento_CurrencySymbol::system_currency was processed [] []
[2023-06-19T04:18:41.887243+00:00] main.INFO: Add of item with id Magento_CurrencySymbol::system_currency_rates was processed [] []
[2023-06-19T04:18:41.887534+00:00] main.INFO: Add of item with id Magento_CurrencySymbol::system_currency_symbols was processed [] []
[2023-06-19T04:18:41.887821+00:00] main.INFO: Add of item with id PayPal_Braintree::settlement_report was processed [] []
[2023-06-19T04:18:41.888108+00:00] main.INFO: Add of item with id PayPal_Braintree::virtual_terminal was processed [] []
[2023-06-19T04:18:43.144236+00:00] main.INFO: Broken reference: the 'notification.messages' tries to reorder itself towards 'user', but their parents are different: 'header.inner.right' and 'header' respectively. [] []
[2023-06-19T04:18:47.021072+00:00] main.INFO: Broken reference: the 'notification.messages' tries to reorder itself towards 'user', but their parents are different: 'header.inner.right' and 'header' respectively. [] []
[2023-06-19T04:21:12.206525+00:00] main.INFO: Broken reference: the 'notification.messages' tries to reorder itself towards 'user', but their parents are different: 'header.inner.right' and 'header' respectively. [] []
[2023-06-19T04:21:18.677207+00:00] main.INFO: Broken reference: the 'notification.messages' tries to reorder itself towards 'user', but their parents are different: 'header.inner.right' and 'header' respectively. [] []
[2023-06-19T04:21:29.623694+00:00] main.INFO: Broken reference: the 'notification.messages' tries to reorder itself towards 'user', but their parents are different: 'header.inner.right' and 'header' respectively. [] []
[2023-06-19T04:21:36.689277+00:00] main.INFO: Broken reference: the 'notification.messages' tries to reorder itself towards 'user', but their parents are different: 'header.inner.right' and 'header' respectively. [] []
[2023-06-19T04:21:44.363416+00:00] main.INFO: Broken reference: the 'notification.messages' tries to reorder itself towards 'user', but their parents are different: 'header.inner.right' and 'header' respectively. [] []
[2023-06-19T04:22:10.400944+00:00] main.INFO: Broken reference: the 'notification.messages' tries to reorder itself towards 'user', but their parents are different: 'header.inner.right' and 'header' respectively. [] []
[2023-06-19T04:22:11.778383+00:00] main.INFO: Broken reference: the 'notification.messages' tries to reorder itself towards 'user', but their parents are different: 'header.inner.right' and 'header' respectively. [] []
[2023-06-19T04:22:16.814583+00:00] main.INFO: Broken reference: the 'notification.messages' tries to reorder itself towards 'user', but their parents are different: 'header.inner.right' and 'header' respectively. [] []
[2023-06-19T04:22:21.546655+00:00] main.INFO: Broken reference: the 'notification.messages' tries to reorder itself towards 'user', but their parents are different: 'header.inner.right' and 'header' respectively. [] []
[2023-06-19T04:22:24.518002+00:00] main.INFO: Broken reference: the 'notification.messages' tries to reorder itself towards 'user', but their parents are different: 'header.inner.right' and 'header' respectively. [] []
[2023-06-19T04:22:36.689154+00:00] main.INFO: Broken reference: the 'notification.messages' tries to reorder itself towards 'user', but their parents are different: 'header.inner.right' and 'header' respectively. [] []
[2023-06-19T04:22:50.395117+00:00] main.INFO: Broken reference: the 'notification.messages' tries to reorder itself towards 'user', but their parents are different: 'header.inner.right' and 'header' respectively. [] []
[2023-06-19T04:22:59.495475+00:00] main.INFO: Broken reference: the 'catalog.compare.sidebar' element cannot be added as child to 'sidebar.additional', because the latter doesn't exist [] []
[2023-06-19T04:22:59.496145+00:00] main.INFO: Broken reference: the 'sale.reorder.sidebar' element cannot be added as child to 'sidebar.additional', because the latter doesn't exist [] []
[2023-06-19T04:22:59.497186+00:00] main.INFO: Broken reference: the 'wishlist_sidebar' element cannot be added as child to 'sidebar.additional', because the latter doesn't exist [] []
[2023-06-19T04:22:59.497947+00:00] main.INFO: Broken reference: the 'paypal.partner.right.logo' element cannot be added as child to 'sidebar.additional', because the latter doesn't exist [] []
[2023-06-19T04:22:59.498345+00:00] main.INFO: Broken reference: the 'bml.right.logo' element cannot be added as child to 'sidebar.additional', because the latter doesn't exist [] []
[2023-06-19T04:22:59.498714+00:00] main.INFO: Broken reference: the 'sidebar.container.paylater' element cannot be added as child to 'sidebar.additional', because the latter doesn't exist [] []
[2023-06-19T04:23:01.576514+00:00] main.ERROR: Unable to resolve the source file for 'frontend/HypeConectEcom/EcomHype/pt_BR/moment.min.js.map' [] []
[2023-06-19T04:23:01.578024+00:00] main.CRITICAL: Unable to resolve the source file for 'frontend/HypeConectEcom/EcomHype/pt_BR/moment.min.js.map' [] []
[2023-06-19T04:23:02.185620+00:00] main.ERROR: Unable to resolve the source file for 'frontend/HypeConectEcom/EcomHype/pt_BR/Magento_PageBuilder/js/resource/jarallax/jarallax.js.map' [] []
[2023-06-19T04:23:02.186250+00:00] main.CRITICAL: Unable to resolve the source file for 'frontend/HypeConectEcom/EcomHype/pt_BR/Magento_PageBuilder/js/resource/jarallax/jarallax.js.map' [] []
[2023-06-19T04:23:02.411566+00:00] main.ERROR: Unable to resolve the source file for 'frontend/HypeConectEcom/EcomHype/pt_BR/vimeo/player.js.map' [] []
[2023-06-19T04:23:02.412143+00:00] main.CRITICAL: Unable to resolve the source file for 'frontend/HypeConectEcom/EcomHype/pt_BR/vimeo/player.js.map' [] []
[2023-06-19T04:23:02.418278+00:00] main.ERROR: Unable to resolve the source file for 'frontend/HypeConectEcom/EcomHype/pt_BR/Magento_PageBuilder/js/resource/jarallax/jarallax-video.js.map' [] []
[2023-06-19T04:23:02.418797+00:00] main.CRITICAL: Unable to resolve the source file for 'frontend/HypeConectEcom/EcomHype/pt_BR/Magento_PageBuilder/js/resource/jarallax/jarallax-video.js.map' [] []
[2023-06-19T04:23:47.605807+00:00] main.ERROR: Unable to resolve the source file for 'frontend/HypeConectEcom/EcomHype/pt_BR/moment.min.js.map' [] []
[2023-06-19T04:23:47.607554+00:00] main.CRITICAL: Unable to resolve the source file for 'frontend/HypeConectEcom/EcomHype/pt_BR/moment.min.js.map' [] []
[2023-06-19T04:23:47.609928+00:00] main.ERROR: Unable to resolve the source file for 'frontend/HypeConectEcom/EcomHype/pt_BR/Magento_PageBuilder/js/resource/jarallax/jarallax.js.map' [] []
[2023-06-19T04:23:47.612203+00:00] main.CRITICAL: Unable to resolve the source file for 'frontend/HypeConectEcom/EcomHype/pt_BR/Magento_PageBuilder/js/resource/jarallax/jarallax.js.map' [] []
[2023-06-19T04:23:47.633363+00:00] main.ERROR: Unable to resolve the source file for 'frontend/HypeConectEcom/EcomHype/pt_BR/Magento_PageBuilder/js/resource/jarallax/jarallax-video.js.map' [] []
[2023-06-19T04:23:47.634812+00:00] main.CRITICAL: Unable to resolve the source file for 'frontend/HypeConectEcom/EcomHype/pt_BR/Magento_PageBuilder/js/resource/jarallax/jarallax-video.js.map' [] []
[2023-06-19T04:23:47.649815+00:00] main.ERROR: Unable to resolve the source file for 'frontend/HypeConectEcom/EcomHype/pt_BR/vimeo/player.js.map' [] []
[2023-06-19T04:23:47.650530+00:00] main.CRITICAL: Unable to resolve the source file for 'frontend/HypeConectEcom/EcomHype/pt_BR/vimeo/player.js.map' [] []
[2023-06-19T04:23:53.087919+00:00] main.ERROR: Unable to resolve the source file for 'frontend/HypeConectEcom/EcomHype/pt_BR/moment.min.js.map' [] []
[2023-06-19T04:23:53.089280+00:00] main.CRITICAL: Unable to resolve the source file for 'frontend/HypeConectEcom/EcomHype/pt_BR/moment.min.js.map' [] []
[2023-06-19T04:23:53.667390+00:00] main.ERROR: Unable to resolve the source file for 'frontend/HypeConectEcom/EcomHype/pt_BR/Magento_PageBuilder/js/resource/jarallax/jarallax.js.map' [] []
[2023-06-19T04:23:53.668736+00:00] main.CRITICAL: Unable to resolve the source file for 'frontend/HypeConectEcom/EcomHype/pt_BR/Magento_PageBuilder/js/resource/jarallax/jarallax.js.map' [] []
[2023-06-19T04:23:53.856771+00:00] main.ERROR: Unable to resolve the source file for 'frontend/HypeConectEcom/EcomHype/pt_BR/vimeo/player.js.map' [] []
[2023-06-19T04:23:53.858300+00:00] main.CRITICAL: Unable to resolve the source file for 'frontend/HypeConectEcom/EcomHype/pt_BR/vimeo/player.js.map' [] []
[2023-06-19T04:23:53.897925+00:00] main.ERROR: Unable to resolve the source file for 'frontend/HypeConectEcom/EcomHype/pt_BR/Magento_PageBuilder/js/resource/jarallax/jarallax-video.js.map' [] []
[2023-06-19T04:23:53.899288+00:00] main.CRITICAL: Unable to resolve the source file for 'frontend/HypeConectEcom/EcomHype/pt_BR/Magento_PageBuilder/js/resource/jarallax/jarallax-video.js.map' [] []
[2023-06-19T04:24:08.714447+00:00] main.INFO: Broken reference: the 'notification.messages' tries to reorder itself towards 'user', but their parents are different: 'header.inner.right' and 'header' respectively. [] []
[2023-06-19T04:24:12.347375+00:00] main.INFO: Broken reference: the 'notification.messages' tries to reorder itself towards 'user', but their parents are different: 'header.inner.right' and 'header' respectively. [] []
[2023-06-19T04:24:19.728209+00:00] main.ERROR: Unable to resolve the source file for 'frontend/HypeConectEcom/EcomHype/pt_BR/moment.min.js.map' [] []
[2023-06-19T04:24:19.729383+00:00] main.CRITICAL: Unable to resolve the source file for 'frontend/HypeConectEcom/EcomHype/pt_BR/moment.min.js.map' [] []
[2023-06-19T04:24:19.730062+00:00] main.ERROR: Unable to resolve the source file for 'frontend/HypeConectEcom/EcomHype/pt_BR/vimeo/player.js.map' [] []
[2023-06-19T04:24:19.730209+00:00] main.ERROR: Unable to resolve the source file for 'frontend/HypeConectEcom/EcomHype/pt_BR/Magento_PageBuilder/js/resource/jarallax/jarallax.js.map' [] []
[2023-06-19T04:24:19.731074+00:00] main.CRITICAL: Unable to resolve the source file for 'frontend/HypeConectEcom/EcomHype/pt_BR/vimeo/player.js.map' [] []
[2023-06-19T04:24:19.731704+00:00] main.CRITICAL: Unable to resolve the source file for 'frontend/HypeConectEcom/EcomHype/pt_BR/Magento_PageBuilder/js/resource/jarallax/jarallax.js.map' [] []
[2023-06-19T04:24:19.735912+00:00] main.ERROR: Unable to resolve the source file for 'frontend/HypeConectEcom/EcomHype/pt_BR/Magento_PageBuilder/js/resource/jarallax/jarallax-video.js.map' [] []
[2023-06-19T04:24:19.737329+00:00] main.CRITICAL: Unable to resolve the source file for 'frontend/HypeConectEcom/EcomHype/pt_BR/Magento_PageBuilder/js/resource/jarallax/jarallax-video.js.map' [] []
[2023-06-19T04:25:49.176942+00:00] main.ERROR: Unable to resolve the source file for 'frontend/HypeConectEcom/EcomHype/pt_BR/moment.min.js.map' [] []
[2023-06-19T04:25:49.178774+00:00] main.CRITICAL: Unable to resolve the source file for 'frontend/HypeConectEcom/EcomHype/pt_BR/moment.min.js.map' [] []
[2023-06-19T04:25:49.912090+00:00] main.ERROR: Unable to resolve the source file for 'frontend/HypeConectEcom/EcomHype/pt_BR/Magento_PageBuilder/js/resource/jarallax/jarallax.js.map' [] []
[2023-06-19T04:25:49.913281+00:00] main.CRITICAL: Unable to resolve the source file for 'frontend/HypeConectEcom/EcomHype/pt_BR/Magento_PageBuilder/js/resource/jarallax/jarallax.js.map' [] []
[2023-06-19T04:25:50.117373+00:00] main.ERROR: Unable to resolve the source file for 'frontend/HypeConectEcom/EcomHype/pt_BR/vimeo/player.js.map' [] []
[2023-06-19T04:25:50.118122+00:00] main.CRITICAL: Unable to resolve the source file for 'frontend/HypeConectEcom/EcomHype/pt_BR/vimeo/player.js.map' [] []
[2023-06-19T04:25:50.143246+00:00] main.ERROR: Unable to resolve the source file for 'frontend/HypeConectEcom/EcomHype/pt_BR/Magento_PageBuilder/js/resource/jarallax/jarallax-video.js.map' [] []
[2023-06-19T04:25:50.144562+00:00] main.CRITICAL: Unable to resolve the source file for 'frontend/HypeConectEcom/EcomHype/pt_BR/Magento_PageBuilder/js/resource/jarallax/jarallax-video.js.map' [] []
[2023-06-19T04:26:11.299399+00:00] main.INFO: Broken reference: the 'notification.messages' tries to reorder itself towards 'user', but their parents are different: 'header.inner.right' and 'header' respectively. [] []
[2023-06-19T04:26:15.156260+00:00] main.INFO: Broken reference: the 'notification.messages' tries to reorder itself towards 'user', but their parents are different: 'header.inner.right' and 'header' respectively. [] []
[2023-06-19T04:26:16.480872+00:00] main.INFO: Broken reference: the 'notification.messages' tries to reorder itself towards 'user', but their parents are different: 'header.inner.right' and 'header' respectively. [] []
[2023-06-19T04:26:20.661381+00:00] main.INFO: Broken reference: the 'notification.messages' tries to reorder itself towards 'user', but their parents are different: 'header.inner.right' and 'header' respectively. [] []
[2023-06-19T04:26:35.412289+00:00] main.INFO: Broken reference: the 'notification.messages' tries to reorder itself towards 'user', but their parents are different: 'header.inner.right' and 'header' respectively. [] []
[2023-06-19T04:27:01.385347+00:00] main.INFO: Broken reference: the 'notification.messages' tries to reorder itself towards 'user', but their parents are different: 'header.inner.right' and 'header' respectively. [] []
[2023-06-19T04:27:02.689352+00:00] main.INFO: Broken reference: the 'notification.messages' tries to reorder itself towards 'user', but their parents are different: 'header.inner.right' and 'header' respectively. [] []
[2023-06-19T04:27:06.845233+00:00] main.INFO: Broken reference: the 'catalog.compare.sidebar' element cannot be added as child to 'sidebar.additional', because the latter doesn't exist [] []
[2023-06-19T04:27:06.845807+00:00] main.INFO: Broken reference: the 'sale.reorder.sidebar' element cannot be added as child to 'sidebar.additional', because the latter doesn't exist [] []
[2023-06-19T04:27:06.846288+00:00] main.INFO: Broken reference: the 'wishlist_sidebar' element cannot be added as child to 'sidebar.additional', because the latter doesn't exist [] []
[2023-06-19T04:27:06.846700+00:00] main.INFO: Broken reference: the 'paypal.partner.right.logo' element cannot be added as child to 'sidebar.additional', because the latter doesn't exist [] []
[2023-06-19T04:27:06.847077+00:00] main.INFO: Broken reference: the 'bml.right.logo' element cannot be added as child to 'sidebar.additional', because the latter doesn't exist [] []
[2023-06-19T04:27:06.847443+00:00] main.INFO: Broken reference: the 'sidebar.container.paylater' element cannot be added as child to 'sidebar.additional', because the latter doesn't exist [] []
[2023-06-19T04:27:08.475222+00:00] main.ERROR: Unable to resolve the source file for 'frontend/HypeConectEcom/EcomHype/pt_BR/moment.min.js.map' [] []
[2023-06-19T04:27:08.477236+00:00] main.CRITICAL: Unable to resolve the source file for 'frontend/HypeConectEcom/EcomHype/pt_BR/moment.min.js.map' [] []
[2023-06-19T04:27:08.964677+00:00] main.ERROR: Unable to resolve the source file for 'frontend/HypeConectEcom/EcomHype/pt_BR/Magento_PageBuilder/js/resource/jarallax/jarallax.js.map' [] []
[2023-06-19T04:27:08.965333+00:00] main.CRITICAL: Unable to resolve the source file for 'frontend/HypeConectEcom/EcomHype/pt_BR/Magento_PageBuilder/js/resource/jarallax/jarallax.js.map' [] []
[2023-06-19T04:27:09.252883+00:00] main.ERROR: Unable to resolve the source file for 'frontend/HypeConectEcom/EcomHype/pt_BR/vimeo/player.js.map' [] []
[2023-06-19T04:27:09.254423+00:00] main.CRITICAL: Unable to resolve the source file for 'frontend/HypeConectEcom/EcomHype/pt_BR/vimeo/player.js.map' [] []
[2023-06-19T04:27:09.271018+00:00] main.ERROR: Unable to resolve the source file for 'frontend/HypeConectEcom/EcomHype/pt_BR/Magento_PageBuilder/js/resource/jarallax/jarallax-video.js.map' [] []
[2023-06-19T04:27:09.271697+00:00] main.CRITICAL: Unable to resolve the source file for 'frontend/HypeConectEcom/EcomHype/pt_BR/Magento_PageBuilder/js/resource/jarallax/jarallax-video.js.map' [] []
[2023-06-19T04:28:25.307008+00:00] main.ERROR: Unable to resolve the source file for 'frontend/HypeConectEcom/EcomHype/pt_BR/moment.min.js.map' [] []
[2023-06-19T04:28:25.308498+00:00] main.CRITICAL: Unable to resolve the source file for 'frontend/HypeConectEcom/EcomHype/pt_BR/moment.min.js.map' [] []
[2023-06-19T04:28:26.369605+00:00] main.ERROR: Unable to resolve the source file for 'frontend/HypeConectEcom/EcomHype/pt_BR/Magento_PageBuilder/js/resource/jarallax/jarallax.js.map' [] []
[2023-06-19T04:28:26.370958+00:00] main.CRITICAL: Unable to resolve the source file for 'frontend/HypeConectEcom/EcomHype/pt_BR/Magento_PageBuilder/js/resource/jarallax/jarallax.js.map' [] []
[2023-06-19T04:28:26.540856+00:00] main.ERROR: Unable to resolve the source file for 'frontend/HypeConectEcom/EcomHype/pt_BR/vimeo/player.js.map' [] []
[2023-06-19T04:28:26.542312+00:00] main.CRITICAL: Unable to resolve the source file for 'frontend/HypeConectEcom/EcomHype/pt_BR/vimeo/player.js.map' [] []
[2023-06-19T04:28:26.589581+00:00] main.ERROR: Unable to resolve the source file for 'frontend/HypeConectEcom/EcomHype/pt_BR/Magento_PageBuilder/js/resource/jarallax/jarallax-video.js.map' [] []
[2023-06-19T04:28:26.590279+00:00] main.CRITICAL: Unable to resolve the source file for 'frontend/HypeConectEcom/EcomHype/pt_BR/Magento_PageBuilder/js/resource/jarallax/jarallax-video.js.map' [] []
[2023-06-19T04:28:50.393430+00:00] main.INFO: Broken reference: the 'notification.messages' tries to reorder itself towards 'user', but their parents are different: 'header.inner.right' and 'header' respectively. [] []
[2023-06-19T04:28:51.567090+00:00] main.INFO: Broken reference: the 'notification.messages' tries to reorder itself towards 'user', but their parents are different: 'header.inner.right' and 'header' respectively. [] []
[2023-06-19T04:28:57.610050+00:00] main.INFO: Broken reference: the 'catalog.compare.sidebar' element cannot be added as child to 'sidebar.additional', because the latter doesn't exist [] []
[2023-06-19T04:28:57.610667+00:00] main.INFO: Broken reference: the 'sale.reorder.sidebar' element cannot be added as child to 'sidebar.additional', because the latter doesn't exist [] []
[2023-06-19T04:28:57.611169+00:00] main.INFO: Broken reference: the 'wishlist_sidebar' element cannot be added as child to 'sidebar.additional', because the latter doesn't exist [] []
[2023-06-19T04:28:57.611657+00:00] main.INFO: Broken reference: the 'paypal.partner.right.logo' element cannot be added as child to 'sidebar.additional', because the latter doesn't exist [] []
[2023-06-19T04:28:57.612055+00:00] main.INFO: Broken reference: the 'bml.right.logo' element cannot be added as child to 'sidebar.additional', because the latter doesn't exist [] []
[2023-06-19T04:28:57.612424+00:00] main.INFO: Broken reference: the 'sidebar.container.paylater' element cannot be added as child to 'sidebar.additional', because the latter doesn't exist [] []
[2023-06-19T04:28:59.343605+00:00] main.ERROR: Unable to resolve the source file for 'frontend/HypeConectEcom/EcomHype/pt_BR/moment.min.js.map' [] []
[2023-06-19T04:28:59.345688+00:00] main.CRITICAL: Unable to resolve the source file for 'frontend/HypeConectEcom/EcomHype/pt_BR/moment.min.js.map' [] []
[2023-06-19T04:28:59.865884+00:00] main.ERROR: Unable to resolve the source file for 'frontend/HypeConectEcom/EcomHype/pt_BR/Magento_PageBuilder/js/resource/jarallax/jarallax.js.map' [] []
[2023-06-19T04:28:59.866538+00:00] main.CRITICAL: Unable to resolve the source file for 'frontend/HypeConectEcom/EcomHype/pt_BR/Magento_PageBuilder/js/resource/jarallax/jarallax.js.map' [] []
[2023-06-19T04:29:00.142106+00:00] main.ERROR: Unable to resolve the source file for 'frontend/HypeConectEcom/EcomHype/pt_BR/Magento_PageBuilder/js/resource/jarallax/jarallax-video.js.map' [] []
[2023-06-19T04:29:00.142137+00:00] main.ERROR: Unable to resolve the source file for 'frontend/HypeConectEcom/EcomHype/pt_BR/vimeo/player.js.map' [] []
[2023-06-19T04:29:00.143406+00:00] main.CRITICAL: Unable to resolve the source file for 'frontend/HypeConectEcom/EcomHype/pt_BR/Magento_PageBuilder/js/resource/jarallax/jarallax-video.js.map' [] []
[2023-06-19T04:29:00.143406+00:00] main.CRITICAL: Unable to resolve the source file for 'frontend/HypeConectEcom/EcomHype/pt_BR/vimeo/player.js.map' [] []
[2023-06-19T04:29:08.581799+00:00] main.INFO: Broken reference: the 'notification.messages' tries to reorder itself towards 'user', but their parents are different: 'header.inner.right' and 'header' respectively. [] []
[2023-06-19T04:30:46.632237+00:00] main.INFO: Broken reference: the 'notification.messages' tries to reorder itself towards 'user', but their parents are different: 'header.inner.right' and 'header' respectively. [] []
[2023-06-19T04:31:08.414303+00:00] main.INFO: Broken reference: the 'notification.messages' tries to reorder itself towards 'user', but their parents are different: 'header.inner.right' and 'header' respectively. [] []
[2023-06-19T04:31:13.464620+00:00] main.INFO: Broken reference: the 'catalog.compare.sidebar' element cannot be added as child to 'sidebar.additional', because the latter doesn't exist [] []
[2023-06-19T04:31:13.465172+00:00] main.INFO: Broken reference: the 'sale.reorder.sidebar' element cannot be added as child to 'sidebar.additional', because the latter doesn't exist [] []
[2023-06-19T04:31:13.465648+00:00] main.INFO: Broken reference: the 'wishlist_sidebar' element cannot be added as child to 'sidebar.additional', because the latter doesn't exist [] []
[2023-06-19T04:31:13.466186+00:00] main.INFO: Broken reference: the 'paypal.partner.right.logo' element cannot be added as child to 'sidebar.additional', because the latter doesn't exist [] []
[2023-06-19T04:31:13.466580+00:00] main.INFO: Broken reference: the 'bml.right.logo' element cannot be added as child to 'sidebar.additional', because the latter doesn't exist [] []
[2023-06-19T04:31:13.466951+00:00] main.INFO: Broken reference: the 'sidebar.container.paylater' element cannot be added as child to 'sidebar.additional', because the latter doesn't exist [] []
[2023-06-19T04:31:15.091523+00:00] main.ERROR: Unable to resolve the source file for 'frontend/HypeConectEcom/EcomHype/pt_BR/moment.min.js.map' [] []
[2023-06-19T04:31:15.093070+00:00] main.CRITICAL: Unable to resolve the source file for 'frontend/HypeConectEcom/EcomHype/pt_BR/moment.min.js.map' [] []
[2023-06-19T04:31:15.631428+00:00] main.ERROR: Unable to resolve the source file for 'frontend/HypeConectEcom/EcomHype/pt_BR/Magento_PageBuilder/js/resource/jarallax/jarallax.js.map' [] []
[2023-06-19T04:31:15.632944+00:00] main.CRITICAL: Unable to resolve the source file for 'frontend/HypeConectEcom/EcomHype/pt_BR/Magento_PageBuilder/js/resource/jarallax/jarallax.js.map' [] []
[2023-06-19T04:31:15.867958+00:00] main.ERROR: Unable to resolve the source file for 'frontend/HypeConectEcom/EcomHype/pt_BR/vimeo/player.js.map' [] []
[2023-06-19T04:31:15.869148+00:00] main.CRITICAL: Unable to resolve the source file for 'frontend/HypeConectEcom/EcomHype/pt_BR/vimeo/player.js.map' [] []
[2023-06-19T04:31:15.881755+00:00] main.ERROR: Unable to resolve the source file for 'frontend/HypeConectEcom/EcomHype/pt_BR/Magento_PageBuilder/js/resource/jarallax/jarallax-video.js.map' [] []
[2023-06-19T04:31:15.882768+00:00] main.CRITICAL: Unable to resolve the source file for 'frontend/HypeConectEcom/EcomHype/pt_BR/Magento_PageBuilder/js/resource/jarallax/jarallax-video.js.map' [] []
[2023-06-19T04:32:23.243734+00:00] main.INFO: Broken reference: the 'notification.messages' tries to reorder itself towards 'user', but their parents are different: 'header.inner.right' and 'header' respectively. [] []
[2023-06-19T04:32:30.804862+00:00] main.INFO: Broken reference: the 'notification.messages' tries to reorder itself towards 'user', but their parents are different: 'header.inner.right' and 'header' respectively. [] []
[2023-06-19T04:32:42.414301+00:00] main.INFO: Broken reference: the 'product.reviews' element cannot be added as child to 'product_tabs', because the latter doesn't exist [] []
[2023-06-19T04:32:42.414952+00:00] main.INFO: Broken reference: the 'notification.messages' tries to reorder itself towards 'user', but their parents are different: 'header.inner.right' and 'header' respectively. [] []
[2023-06-19T04:33:49.830771+00:00] main.INFO: Broken reference: the 'product.reviews' element cannot be added as child to 'product_tabs', because the latter doesn't exist [] []
[2023-06-19T04:33:49.831506+00:00] main.INFO: Broken reference: the 'notification.messages' tries to reorder itself towards 'user', but their parents are different: 'header.inner.right' and 'header' respectively. [] []
[2023-06-19T04:34:42.218555+00:00] main.INFO: Broken reference: the 'notification.messages' tries to reorder itself towards 'user', but their parents are different: 'header.inner.right' and 'header' respectively. [] []
[2023-06-19T04:34:50.887571+00:00] main.INFO: Broken reference: the 'product.reviews' element cannot be added as child to 'product_tabs', because the latter doesn't exist [] []
[2023-06-19T04:34:50.888205+00:00] main.INFO: Broken reference: the 'notification.messages' tries to reorder itself towards 'user', but their parents are different: 'header.inner.right' and 'header' respectively. [] []
[2023-06-19T04:35:38.664219+00:00] main.INFO: Broken reference: the 'product.reviews' element cannot be added as child to 'product_tabs', because the latter doesn't exist [] []
[2023-06-19T04:35:38.665214+00:00] main.INFO: Broken reference: the 'notification.messages' tries to reorder itself towards 'user', but their parents are different: 'header.inner.right' and 'header' respectively. [] []
[2023-06-19T04:35:43.499990+00:00] main.INFO: Broken reference: the 'notification.messages' tries to reorder itself towards 'user', but their parents are different: 'header.inner.right' and 'header' respectively. [] []
[2023-06-19T04:35:46.868214+00:00] main.INFO: Broken reference: the 'product.reviews' element cannot be added as child to 'product_tabs', because the latter doesn't exist [] []
[2023-06-19T04:35:46.868864+00:00] main.INFO: Broken reference: the 'notification.messages' tries to reorder itself towards 'user', but their parents are different: 'header.inner.right' and 'header' respectively. [] []
[2023-06-19T04:36:27.958011+00:00] main.INFO: Broken reference: the 'product.reviews' element cannot be added as child to 'product_tabs', because the latter doesn't exist [] []
[2023-06-19T04:36:27.958657+00:00] main.INFO: Broken reference: the 'notification.messages' tries to reorder itself towards 'user', but their parents are different: 'header.inner.right' and 'header' respectively. [] []
[2023-06-19T04:36:33.104145+00:00] main.INFO: Broken reference: the 'notification.messages' tries to reorder itself towards 'user', but their parents are different: 'header.inner.right' and 'header' respectively. [] []
[2023-06-19T04:36:38.636490+00:00] main.INFO: Broken reference: the 'product.reviews' element cannot be added as child to 'product_tabs', because the latter doesn't exist [] []
[2023-06-19T04:36:38.637128+00:00] main.INFO: Broken reference: the 'notification.messages' tries to reorder itself towards 'user', but their parents are different: 'header.inner.right' and 'header' respectively. [] []
[2023-06-19T04:37:38.877008+00:00] main.INFO: Broken reference: the 'product.reviews' element cannot be added as child to 'product_tabs', because the latter doesn't exist [] []
[2023-06-19T04:37:38.877940+00:00] main.INFO: Broken reference: the 'notification.messages' tries to reorder itself towards 'user', but their parents are different: 'header.inner.right' and 'header' respectively. [] []
[2023-06-19T04:37:48.192257+00:00] main.INFO: Broken reference: the 'notification.messages' tries to reorder itself towards 'user', but their parents are different: 'header.inner.right' and 'header' respectively. [] []
[2023-06-19T04:38:22.788817+00:00] main.INFO: Broken reference: the 'product.reviews' element cannot be added as child to 'product_tabs', because the latter doesn't exist [] []
[2023-06-19T04:38:22.789492+00:00] main.INFO: Broken reference: the 'notification.messages' tries to reorder itself towards 'user', but their parents are different: 'header.inner.right' and 'header' respectively. [] []
[2023-06-19T04:39:01.162411+00:00] main.INFO: Broken reference: the 'product.reviews' element cannot be added as child to 'product_tabs', because the latter doesn't exist [] []
[2023-06-19T04:39:01.163263+00:00] main.INFO: Broken reference: the 'notification.messages' tries to reorder itself towards 'user', but their parents are different: 'header.inner.right' and 'header' respectively. [] []
[2023-06-19T04:39:13.557840+00:00] main.INFO: Broken reference: the 'notification.messages' tries to reorder itself towards 'user', but their parents are different: 'header.inner.right' and 'header' respectively. [] []
[2023-06-19T04:39:24.137228+00:00] main.INFO: Broken reference: the 'notification.messages' tries to reorder itself towards 'user', but their parents are different: 'header.inner.right' and 'header' respectively. [] []
[2023-06-19T04:39:26.230859+00:00] main.INFO: Broken reference: the 'notification.messages' tries to reorder itself towards 'user', but their parents are different: 'header.inner.right' and 'header' respectively. [] []
[2023-06-19T04:39:27.428689+00:00] main.INFO: Broken reference: the 'notification.messages' tries to reorder itself towards 'user', but their parents are different: 'header.inner.right' and 'header' respectively. [] []
[2023-06-19T04:40:45.866867+00:00] main.INFO: Broken reference: the 'notification.messages' tries to reorder itself towards 'user', but their parents are different: 'header.inner.right' and 'header' respectively. [] []
[2023-06-19T04:41:16.659207+00:00] main.INFO: Broken reference: the 'notification.messages' tries to reorder itself towards 'user', but their parents are different: 'header.inner.right' and 'header' respectively. [] []
[2023-06-19T04:41:25.173645+00:00] main.ERROR: Unable to resolve the source file for 'adminhtml/Magento/backend/en_US/Magento_Catalog/js/validate-product.js' [] []
[2023-06-19T04:41:25.174731+00:00] main.CRITICAL: Unable to resolve the source file for 'adminhtml/Magento/backend/en_US/Magento_Catalog/js/validate-product.js' [] []
[2023-06-19T04:41:37.403053+00:00] main.INFO: Broken reference: the 'notification.messages' tries to reorder itself towards 'user', but their parents are different: 'header.inner.right' and 'header' respectively. [] []
[2023-06-19T04:41:39.040613+00:00] main.INFO: Broken reference: the 'notification.messages' tries to reorder itself towards 'user', but their parents are different: 'header.inner.right' and 'header' respectively. [] []
[2023-06-19T04:41:39.414416+00:00] main.ERROR: Unable to resolve the source file for 'adminhtml/Magento/backend/en_US/Magento_Catalog/js/validate-product.js' [] []
[2023-06-19T04:41:39.415011+00:00] main.CRITICAL: Unable to resolve the source file for 'adminhtml/Magento/backend/en_US/Magento_Catalog/js/validate-product.js' [] []
[2023-06-19T04:41:48.428115+00:00] main.INFO: Broken reference: the 'notification.messages' tries to reorder itself towards 'user', but their parents are different: 'header.inner.right' and 'header' respectively. [] []
[2023-06-19T04:41:53.697563+00:00] main.INFO: Broken reference: the 'notification.messages' tries to reorder itself towards 'user', but their parents are different: 'header.inner.right' and 'header' respectively. [] []
[2023-06-19T04:41:57.551112+00:00] main.INFO: Broken reference: the 'notification.messages' tries to reorder itself towards 'user', but their parents are different: 'header.inner.right' and 'header' respectively. [] []
[2023-06-19T04:42:24.996579+00:00] main.INFO: Broken reference: the 'notification.messages' tries to reorder itself towards 'user', but their parents are different: 'header.inner.right' and 'header' respectively. [] []
[2023-06-19T04:42:41.391976+00:00] main.INFO: Broken reference: the 'notification.messages' tries to reorder itself towards 'user', but their parents are different: 'header.inner.right' and 'header' respectively. [] []
[2023-06-19T04:42:53.563441+00:00] main.INFO: Broken reference: the 'catalog.compare.sidebar' element cannot be added as child to 'sidebar.additional', because the latter doesn't exist [] []
[2023-06-19T04:42:53.563992+00:00] main.INFO: Broken reference: the 'sale.reorder.sidebar' element cannot be added as child to 'sidebar.additional', because the latter doesn't exist [] []
[2023-06-19T04:42:53.564513+00:00] main.INFO: Broken reference: the 'wishlist_sidebar' element cannot be added as child to 'sidebar.additional', because the latter doesn't exist [] []
[2023-06-19T04:42:53.564924+00:00] main.INFO: Broken reference: the 'paypal.partner.right.logo' element cannot be added as child to 'sidebar.additional', because the latter doesn't exist [] []
[2023-06-19T04:42:53.565299+00:00] main.INFO: Broken reference: the 'bml.right.logo' element cannot be added as child to 'sidebar.additional', because the latter doesn't exist [] []
[2023-06-19T04:42:53.565666+00:00] main.INFO: Broken reference: the 'sidebar.container.paylater' element cannot be added as child to 'sidebar.additional', because the latter doesn't exist [] []
[2023-06-19T04:43:05.164673+00:00] main.INFO: Broken reference: the 'notification.messages' tries to reorder itself towards 'user', but their parents are different: 'header.inner.right' and 'header' respectively. [] []
[2023-06-19T04:43:16.277923+00:00] main.INFO: Broken reference: the 'product.reviews' element cannot be added as child to 'product_tabs', because the latter doesn't exist [] []
[2023-06-19T04:43:16.278542+00:00] main.INFO: Broken reference: the 'notification.messages' tries to reorder itself towards 'user', but their parents are different: 'header.inner.right' and 'header' respectively. [] []
[2023-06-19T04:43:23.938574+00:00] main.INFO: Broken reference: the 'product.reviews' element cannot be added as child to 'product_tabs', because the latter doesn't exist [] []
[2023-06-19T04:43:23.939281+00:00] main.INFO: Broken reference: the 'notification.messages' tries to reorder itself towards 'user', but their parents are different: 'header.inner.right' and 'header' respectively. [] []
[2023-06-19T04:43:28.754231+00:00] main.INFO: Broken reference: the 'notification.messages' tries to reorder itself towards 'user', but their parents are different: 'header.inner.right' and 'header' respectively. [] []
[2023-06-19T04:43:35.886510+00:00] main.INFO: Broken reference: the 'catalog.compare.sidebar' element cannot be added as child to 'sidebar.additional', because the latter doesn't exist [] []
[2023-06-19T04:43:35.887060+00:00] main.INFO: Broken reference: the 'sale.reorder.sidebar' element cannot be added as child to 'sidebar.additional', because the latter doesn't exist [] []
[2023-06-19T04:43:35.887537+00:00] main.INFO: Broken reference: the 'wishlist_sidebar' element cannot be added as child to 'sidebar.additional', because the latter doesn't exist [] []
[2023-06-19T04:43:35.887953+00:00] main.INFO: Broken reference: the 'paypal.partner.right.logo' element cannot be added as child to 'sidebar.additional', because the latter doesn't exist [] []
[2023-06-19T04:43:35.888330+00:00] main.INFO: Broken reference: the 'bml.right.logo' element cannot be added as child to 'sidebar.additional', because the latter doesn't exist [] []
[2023-06-19T04:43:35.888698+00:00] main.INFO: Broken reference: the 'sidebar.container.paylater' element cannot be added as child to 'sidebar.additional', because the latter doesn't exist [] []
[2023-06-19T04:43:43.535467+00:00] main.INFO: Broken reference: the 'notification.messages' tries to reorder itself towards 'user', but their parents are different: 'header.inner.right' and 'header' respectively. [] []
[2023-06-19T04:43:46.186926+00:00] main.INFO: Broken reference: the 'notification.messages' tries to reorder itself towards 'user', but their parents are different: 'header.inner.right' and 'header' respectively. [] []
[2023-06-19T04:44:17.428362+00:00] main.INFO: Broken reference: the 'notification.messages' tries to reorder itself towards 'user', but their parents are different: 'header.inner.right' and 'header' respectively. [] []
[2023-06-19T04:44:22.960950+00:00] main.INFO: Broken reference: the 'catalog.compare.sidebar' element cannot be added as child to 'sidebar.additional', because the latter doesn't exist [] []
[2023-06-19T04:44:22.961792+00:00] main.INFO: Broken reference: the 'sale.reorder.sidebar' element cannot be added as child to 'sidebar.additional', because the latter doesn't exist [] []
[2023-06-19T04:44:22.962322+00:00] main.INFO: Broken reference: the 'wishlist_sidebar' element cannot be added as child to 'sidebar.additional', because the latter doesn't exist [] []
[2023-06-19T04:44:22.962755+00:00] main.INFO: Broken reference: the 'paypal.partner.right.logo' element cannot be added as child to 'sidebar.additional', because the latter doesn't exist [] []
[2023-06-19T04:44:22.963146+00:00] main.INFO: Broken reference: the 'bml.right.logo' element cannot be added as child to 'sidebar.additional', because the latter doesn't exist [] []
[2023-06-19T04:44:22.963534+00:00] main.INFO: Broken reference: the 'sidebar.container.paylater' element cannot be added as child to 'sidebar.additional', because the latter doesn't exist [] []
[2023-06-19T04:44:56.535189+00:00] main.INFO: Broken reference: the 'notification.messages' tries to reorder itself towards 'user', but their parents are different: 'header.inner.right' and 'header' respectively. [] []
[2023-06-19T04:45:01.370676+00:00] main.INFO: Broken reference: the 'notification.messages' tries to reorder itself towards 'user', but their parents are different: 'header.inner.right' and 'header' respectively. [] []
[2023-06-19T04:45:02.625203+00:00] main.INFO: Broken reference: the 'notification.messages' tries to reorder itself towards 'user', but their parents are different: 'header.inner.right' and 'header' respectively. [] []
[2023-06-19T04:45:03.087460+00:00] main.ERROR: Unable to resolve the source file for 'adminhtml/Magento/backend/en_US/Magento_Catalog/js/validate-product.js' [] []
[2023-06-19T04:45:03.088829+00:00] main.CRITICAL: Unable to resolve the source file for 'adminhtml/Magento/backend/en_US/Magento_Catalog/js/validate-product.js' [] []
[2023-06-19T04:45:20.400640+00:00] main.INFO: Broken reference: the 'notification.messages' tries to reorder itself towards 'user', but their parents are different: 'header.inner.right' and 'header' respectively. [] []
[2023-06-19T04:45:21.659269+00:00] main.INFO: Broken reference: the 'notification.messages' tries to reorder itself towards 'user', but their parents are different: 'header.inner.right' and 'header' respectively. [] []
[2023-06-19T04:45:22.012301+00:00] main.ERROR: Unable to resolve the source file for 'adminhtml/Magento/backend/en_US/Magento_Catalog/js/validate-product.js' [] []
[2023-06-19T04:45:22.012848+00:00] main.CRITICAL: Unable to resolve the source file for 'adminhtml/Magento/backend/en_US/Magento_Catalog/js/validate-product.js' [] []
[2023-06-19T04:45:25.002470+00:00] main.INFO: Broken reference: the 'notification.messages' tries to reorder itself towards 'user', but their parents are different: 'header.inner.right' and 'header' respectively. [] []
[2023-06-19T04:45:28.567359+00:00] main.INFO: Broken reference: the 'notification.messages' tries to reorder itself towards 'user', but their parents are different: 'header.inner.right' and 'header' respectively. [] []
[2023-06-19T04:45:29.818740+00:00] main.INFO: Broken reference: the 'notification.messages' tries to reorder itself towards 'user', but their parents are different: 'header.inner.right' and 'header' respectively. [] []
[2023-06-19T04:46:02.038197+00:00] main.INFO: Broken reference: the 'notification.messages' tries to reorder itself towards 'user', but their parents are different: 'header.inner.right' and 'header' respectively. [] []
[2023-06-19T04:46:20.421029+00:00] main.INFO: Broken reference: the 'notification.messages' tries to reorder itself towards 'user', but their parents are different: 'header.inner.right' and 'header' respectively. [] []
[2023-06-19T04:46:21.902016+00:00] main.INFO: Broken reference: the 'notification.messages' tries to reorder itself towards 'user', but their parents are different: 'header.inner.right' and 'header' respectively. [] []
[2023-06-19T04:46:26.629872+00:00] main.INFO: Broken reference: the 'catalog.compare.sidebar' element cannot be added as child to 'sidebar.additional', because the latter doesn't exist [] []
[2023-06-19T04:46:26.630440+00:00] main.INFO: Broken reference: the 'sale.reorder.sidebar' element cannot be added as child to 'sidebar.additional', because the latter doesn't exist [] []
[2023-06-19T04:46:26.630919+00:00] main.INFO: Broken reference: the 'wishlist_sidebar' element cannot be added as child to 'sidebar.additional', because the latter doesn't exist [] []
[2023-06-19T04:46:26.631331+00:00] main.INFO: Broken reference: the 'paypal.partner.right.logo' element cannot be added as child to 'sidebar.additional', because the latter doesn't exist [] []
[2023-06-19T04:46:26.631709+00:00] main.INFO: Broken reference: the 'bml.right.logo' element cannot be added as child to 'sidebar.additional', because the latter doesn't exist [] []
[2023-06-19T04:46:26.632078+00:00] main.INFO: Broken reference: the 'sidebar.container.paylater' element cannot be added as child to 'sidebar.additional', because the latter doesn't exist [] []
[2023-06-19T04:46:44.182056+00:00] main.INFO: Broken reference: the 'notification.messages' tries to reorder itself towards 'user', but their parents are different: 'header.inner.right' and 'header' respectively. [] []
[2023-06-19T04:46:50.699582+00:00] main.INFO: Broken reference: the 'notification.messages' tries to reorder itself towards 'user', but their parents are different: 'header.inner.right' and 'header' respectively. [] []
[2023-06-19T04:46:53.467398+00:00] main.INFO: Broken reference: the 'notification.messages' tries to reorder itself towards 'user', but their parents are different: 'header.inner.right' and 'header' respectively. [] []
[2023-06-19T04:47:06.422679+00:00] main.INFO: Broken reference: the 'notification.messages' tries to reorder itself towards 'user', but their parents are different: 'header.inner.right' and 'header' respectively. [] []
[2023-06-19T04:47:32.452341+00:00] main.INFO: Broken reference: the 'notification.messages' tries to reorder itself towards 'user', but their parents are different: 'header.inner.right' and 'header' respectively. [] []
[2023-06-19T04:47:41.546180+00:00] main.INFO: Broken reference: the 'catalog.compare.sidebar' element cannot be added as child to 'sidebar.additional', because the latter doesn't exist [] []
[2023-06-19T04:47:41.546916+00:00] main.INFO: Broken reference: the 'sale.reorder.sidebar' element cannot be added as child to 'sidebar.additional', because the latter doesn't exist [] []
[2023-06-19T04:47:41.547550+00:00] main.INFO: Broken reference: the 'wishlist_sidebar' element cannot be added as child to 'sidebar.additional', because the latter doesn't exist [] []
[2023-06-19T04:47:41.548065+00:00] main.INFO: Broken reference: the 'paypal.partner.right.logo' element cannot be added as child to 'sidebar.additional', because the latter doesn't exist [] []
[2023-06-19T04:47:41.548474+00:00] main.INFO: Broken reference: the 'bml.right.logo' element cannot be added as child to 'sidebar.additional', because the latter doesn't exist [] []
[2023-06-19T04:47:41.548867+00:00] main.INFO: Broken reference: the 'sidebar.container.paylater' element cannot be added as child to 'sidebar.additional', because the latter doesn't exist [] []
[2023-06-19T04:48:27.738667+00:00] main.INFO: Broken reference: the 'notification.messages' tries to reorder itself towards 'user', but their parents are different: 'header.inner.right' and 'header' respectively. [] []
[2023-06-19T04:48:37.327901+00:00] main.INFO: Broken reference: the 'notification.messages' tries to reorder itself towards 'user', but their parents are different: 'header.inner.right' and 'header' respectively. [] []
[2023-06-19T04:48:40.315634+00:00] main.INFO: Broken reference: the 'notification.messages' tries to reorder itself towards 'user', but their parents are different: 'header.inner.right' and 'header' respectively. [] []
[2023-06-19T04:48:41.557721+00:00] main.INFO: Broken reference: the 'notification.messages' tries to reorder itself towards 'user', but their parents are different: 'header.inner.right' and 'header' respectively. [] []
[2023-06-19T04:48:59.145610+00:00] main.INFO: Broken reference: the 'notification.messages' tries to reorder itself towards 'user', but their parents are different: 'header.inner.right' and 'header' respectively. [] []
[2023-06-19T04:49:00.388019+00:00] main.INFO: Broken reference: the 'notification.messages' tries to reorder itself towards 'user', but their parents are different: 'header.inner.right' and 'header' respectively. [] []
[2023-06-19T04:49:38.374308+00:00] main.INFO: Broken reference: the 'notification.messages' tries to reorder itself towards 'user', but their parents are different: 'header.inner.right' and 'header' respectively. [] []
[2023-06-19T04:49:39.607638+00:00] main.INFO: Broken reference: the 'notification.messages' tries to reorder itself towards 'user', but their parents are different: 'header.inner.right' and 'header' respectively. [] []
[2023-06-19T04:50:17.575099+00:00] main.INFO: Broken reference: the 'notification.messages' tries to reorder itself towards 'user', but their parents are different: 'header.inner.right' and 'header' respectively. [] []
[2023-06-19T04:50:41.489112+00:00] main.INFO: Broken reference: the 'notification.messages' tries to reorder itself towards 'user', but their parents are different: 'header.inner.right' and 'header' respectively. [] []
[2023-06-19T04:53:19.090911+00:00] main.INFO: Broken reference: the 'notification.messages' tries to reorder itself towards 'user', but their parents are different: 'header.inner.right' and 'header' respectively. [] []
[2023-06-19T04:54:08.816498+00:00] main.INFO: Broken reference: the 'catalog.compare.sidebar' element cannot be added as child to 'sidebar.additional', because the latter doesn't exist [] []
[2023-06-19T04:54:08.817137+00:00] main.INFO: Broken reference: the 'sale.reorder.sidebar' element cannot be added as child to 'sidebar.additional', because the latter doesn't exist [] []
[2023-06-19T04:54:08.817638+00:00] main.INFO: Broken reference: the 'wishlist_sidebar' element cannot be added as child to 'sidebar.additional', because the latter doesn't exist [] []
[2023-06-19T04:54:08.818169+00:00] main.INFO: Broken reference: the 'paypal.partner.right.logo' element cannot be added as child to 'sidebar.additional', because the latter doesn't exist [] []
[2023-06-19T04:54:08.818562+00:00] main.INFO: Broken reference: the 'bml.right.logo' element cannot be added as child to 'sidebar.additional', because the latter doesn't exist [] []
[2023-06-19T04:54:08.818950+00:00] main.INFO: Broken reference: the 'sidebar.container.paylater' element cannot be added as child to 'sidebar.additional', because the latter doesn't exist [] []
[2023-06-19T04:54:24.721131+00:00] main.INFO: Broken reference: the 'notification.messages' tries to reorder itself towards 'user', but their parents are different: 'header.inner.right' and 'header' respectively. [] []
[2023-06-19T04:55:04.590221+00:00] main.INFO: Broken reference: the 'notification.messages' tries to reorder itself towards 'user', but their parents are different: 'header.inner.right' and 'header' respectively. [] []
[2023-06-19T04:55:10.064968+00:00] main.INFO: Broken reference: the 'catalog.compare.sidebar' element cannot be added as child to 'sidebar.additional', because the latter doesn't exist [] []
[2023-06-19T04:55:10.065992+00:00] main.INFO: Broken reference: the 'sale.reorder.sidebar' element cannot be added as child to 'sidebar.additional', because the latter doesn't exist [] []
[2023-06-19T04:55:10.066511+00:00] main.INFO: Broken reference: the 'wishlist_sidebar' element cannot be added as child to 'sidebar.additional', because the latter doesn't exist [] []
[2023-06-19T04:55:10.066942+00:00] main.INFO: Broken reference: the 'paypal.partner.right.logo' element cannot be added as child to 'sidebar.additional', because the latter doesn't exist [] []
[2023-06-19T04:55:10.067335+00:00] main.INFO: Broken reference: the 'bml.right.logo' element cannot be added as child to 'sidebar.additional', because the latter doesn't exist [] []
[2023-06-19T04:55:10.067730+00:00] main.INFO: Broken reference: the 'sidebar.container.paylater' element cannot be added as child to 'sidebar.additional', because the latter doesn't exist [] []
[2023-06-19T04:55:48.117653+00:00] main.INFO: Broken reference: the 'notification.messages' tries to reorder itself towards 'user', but their parents are different: 'header.inner.right' and 'header' respectively. [] []
[2023-06-19T04:55:52.587141+00:00] main.INFO: Broken reference: the 'product.reviews' element cannot be added as child to 'product_tabs', because the latter doesn't exist [] []
[2023-06-19T04:55:52.587827+00:00] main.INFO: Broken reference: the 'notification.messages' tries to reorder itself towards 'user', but their parents are different: 'header.inner.right' and 'header' respectively. [] []
[2023-06-19T04:56:34.719567+00:00] main.INFO: Broken reference: the 'product.reviews' element cannot be added as child to 'product_tabs', because the latter doesn't exist [] []
[2023-06-19T04:56:34.720200+00:00] main.INFO: Broken reference: the 'notification.messages' tries to reorder itself towards 'user', but their parents are different: 'header.inner.right' and 'header' respectively. [] []
[2023-06-19T04:56:38.394677+00:00] main.INFO: Broken reference: the 'catalog.compare.sidebar' element cannot be added as child to 'sidebar.additional', because the latter doesn't exist [] []
[2023-06-19T04:56:38.395235+00:00] main.INFO: Broken reference: the 'sale.reorder.sidebar' element cannot be added as child to 'sidebar.additional', because the latter doesn't exist [] []
[2023-06-19T04:56:38.395707+00:00] main.INFO: Broken reference: the 'wishlist_sidebar' element cannot be added as child to 'sidebar.additional', because the latter doesn't exist [] []
[2023-06-19T04:56:38.396121+00:00] main.INFO: Broken reference: the 'paypal.partner.right.logo' element cannot be added as child to 'sidebar.additional', because the latter doesn't exist [] []
[2023-06-19T04:56:38.396497+00:00] main.INFO: Broken reference: the 'bml.right.logo' element cannot be added as child to 'sidebar.additional', because the latter doesn't exist [] []
[2023-06-19T04:56:38.396910+00:00] main.INFO: Broken reference: the 'sidebar.container.paylater' element cannot be added as child to 'sidebar.additional', because the latter doesn't exist [] []
[2023-06-19T04:56:50.509439+00:00] main.INFO: Broken reference: the 'catalog.compare.sidebar' element cannot be added as child to 'sidebar.additional', because the latter doesn't exist [] []
[2023-06-19T04:56:50.509976+00:00] main.INFO: Broken reference: the 'sale.reorder.sidebar' element cannot be added as child to 'sidebar.additional', because the latter doesn't exist [] []
[2023-06-19T04:56:50.510437+00:00] main.INFO: Broken reference: the 'wishlist_sidebar' element cannot be added as child to 'sidebar.additional', because the latter doesn't exist [] []
[2023-06-19T04:57:18.846552+00:00] main.ERROR: Unable to resolve the source file for 'frontend/HypeConectEcom/EcomHype/pt_BR/vimeo/player.js.map' [] []
[2023-06-19T04:57:18.846559+00:00] main.ERROR: Unable to resolve the source file for 'frontend/HypeConectEcom/EcomHype/pt_BR/moment.min.js.map' [] []
[2023-06-19T04:57:18.847786+00:00] main.CRITICAL: Unable to resolve the source file for 'frontend/HypeConectEcom/EcomHype/pt_BR/vimeo/player.js.map' [] []
[2023-06-19T04:57:18.847920+00:00] main.CRITICAL: Unable to resolve the source file for 'frontend/HypeConectEcom/EcomHype/pt_BR/moment.min.js.map' [] []
[2023-06-19T04:57:18.848009+00:00] main.ERROR: Unable to resolve the source file for 'frontend/HypeConectEcom/EcomHype/pt_BR/Magento_PageBuilder/js/resource/jarallax/jarallax-video.js.map' [] []
[2023-06-19T04:57:18.849078+00:00] main.CRITICAL: Unable to resolve the source file for 'frontend/HypeConectEcom/EcomHype/pt_BR/Magento_PageBuilder/js/resource/jarallax/jarallax-video.js.map' [] []
[2023-06-19T04:57:18.851763+00:00] main.ERROR: Unable to resolve the source file for 'frontend/HypeConectEcom/EcomHype/pt_BR/Magento_PageBuilder/js/resource/jarallax/jarallax.js.map' [] []
[2023-06-19T04:57:18.852937+00:00] main.CRITICAL: Unable to resolve the source file for 'frontend/HypeConectEcom/EcomHype/pt_BR/Magento_PageBuilder/js/resource/jarallax/jarallax.js.map' [] []
[2023-06-19T04:59:13.667875+00:00] main.ERROR: Unable to resolve the source file for 'frontend/HypeConectEcom/EcomHype/pt_BR/Magento_PageBuilder/js/resource/jarallax/jarallax.js.map' [] []
[2023-06-19T04:59:13.668174+00:00] main.ERROR: Unable to resolve the source file for 'frontend/HypeConectEcom/EcomHype/pt_BR/moment.min.js.map' [] []
[2023-06-19T04:59:13.669121+00:00] main.CRITICAL: Unable to resolve the source file for 'frontend/HypeConectEcom/EcomHype/pt_BR/Magento_PageBuilder/js/resource/jarallax/jarallax.js.map' [] []
[2023-06-19T04:59:13.669591+00:00] main.CRITICAL: Unable to resolve the source file for 'frontend/HypeConectEcom/EcomHype/pt_BR/moment.min.js.map' [] []
[2023-06-19T04:59:13.673582+00:00] main.ERROR: Unable to resolve the source file for 'frontend/HypeConectEcom/EcomHype/pt_BR/Magento_PageBuilder/js/resource/jarallax/jarallax-video.js.map' [] []
[2023-06-19T04:59:13.674983+00:00] main.CRITICAL: Unable to resolve the source file for 'frontend/HypeConectEcom/EcomHype/pt_BR/Magento_PageBuilder/js/resource/jarallax/jarallax-video.js.map' [] []
[2023-06-19T04:59:13.677188+00:00] main.ERROR: Unable to resolve the source file for 'frontend/HypeConectEcom/EcomHype/pt_BR/vimeo/player.js.map' [] []
[2023-06-19T04:59:13.678765+00:00] main.CRITICAL: Unable to resolve the source file for 'frontend/HypeConectEcom/EcomHype/pt_BR/vimeo/player.js.map' [] []
[2023-06-19T05:00:08.643751+00:00] main.ERROR: Unable to resolve the source file for 'frontend/HypeConectEcom/EcomHype/pt_BR/moment.min.js.map' [] []
[2023-06-19T05:00:08.646178+00:00] main.CRITICAL: Unable to resolve the source file for 'frontend/HypeConectEcom/EcomHype/pt_BR/moment.min.js.map' [] []
[2023-06-19T05:00:09.358823+00:00] main.ERROR: Unable to resolve the source file for 'frontend/HypeConectEcom/EcomHype/pt_BR/Magento_PageBuilder/js/resource/jarallax/jarallax.js.map' [] []
[2023-06-19T05:00:09.360388+00:00] main.CRITICAL: Unable to resolve the source file for 'frontend/HypeConectEcom/EcomHype/pt_BR/Magento_PageBuilder/js/resource/jarallax/jarallax.js.map' [] []
[2023-06-19T05:00:09.585134+00:00] main.ERROR: Unable to resolve the source file for 'frontend/HypeConectEcom/EcomHype/pt_BR/vimeo/player.js.map' [] []
[2023-06-19T05:00:09.585972+00:00] main.CRITICAL: Unable to resolve the source file for 'frontend/HypeConectEcom/EcomHype/pt_BR/vimeo/player.js.map' [] []
[2023-06-19T05:00:09.617631+00:00] main.ERROR: Unable to resolve the source file for 'frontend/HypeConectEcom/EcomHype/pt_BR/Magento_PageBuilder/js/resource/jarallax/jarallax-video.js.map' [] []
[2023-06-19T05:00:09.619354+00:00] main.CRITICAL: Unable to resolve the source file for 'frontend/HypeConectEcom/EcomHype/pt_BR/Magento_PageBuilder/js/resource/jarallax/jarallax-video.js.map' [] []
[2023-06-19T05:00:28.467017+00:00] main.ERROR: Unable to resolve the source file for 'frontend/HypeConectEcom/EcomHype/pt_BR/moment.min.js.map' [] []
[2023-06-19T05:00:28.468297+00:00] main.CRITICAL: Unable to resolve the source file for 'frontend/HypeConectEcom/EcomHype/pt_BR/moment.min.js.map' [] []
[2023-06-19T05:00:28.481368+00:00] main.ERROR: Unable to resolve the source file for 'frontend/HypeConectEcom/EcomHype/pt_BR/vimeo/player.js.map' [] []
[2023-06-19T05:00:28.483167+00:00] main.CRITICAL: Unable to resolve the source file for 'frontend/HypeConectEcom/EcomHype/pt_BR/vimeo/player.js.map' [] []
[2023-06-19T05:00:28.485483+00:00] main.ERROR: Unable to resolve the source file for 'frontend/HypeConectEcom/EcomHype/pt_BR/Magento_PageBuilder/js/resource/jarallax/jarallax.js.map' [] []
[2023-06-19T05:00:28.487018+00:00] main.CRITICAL: Unable to resolve the source file for 'frontend/HypeConectEcom/EcomHype/pt_BR/Magento_PageBuilder/js/resource/jarallax/jarallax.js.map' [] []
[2023-06-19T05:00:28.488650+00:00] main.ERROR: Unable to resolve the source file for 'frontend/HypeConectEcom/EcomHype/pt_BR/Magento_PageBuilder/js/resource/jarallax/jarallax-video.js.map' [] []
[2023-06-19T05:00:28.489960+00:00] main.CRITICAL: Unable to resolve the source file for 'frontend/HypeConectEcom/EcomHype/pt_BR/Magento_PageBuilder/js/resource/jarallax/jarallax-video.js.map' [] []
[2023-06-19T05:01:07.845195+00:00] main.ERROR: Unable to resolve the source file for 'frontend/HypeConectEcom/EcomHype/pt_BR/moment.min.js.map' [] []
[2023-06-19T05:01:07.846569+00:00] main.CRITICAL: Unable to resolve the source file for 'frontend/HypeConectEcom/EcomHype/pt_BR/moment.min.js.map' [] []
[2023-06-19T05:01:08.522873+00:00] main.ERROR: Unable to resolve the source file for 'frontend/HypeConectEcom/EcomHype/pt_BR/Magento_PageBuilder/js/resource/jarallax/jarallax.js.map' [] []
[2023-06-19T05:01:08.523539+00:00] main.CRITICAL: Unable to resolve the source file for 'frontend/HypeConectEcom/EcomHype/pt_BR/Magento_PageBuilder/js/resource/jarallax/jarallax.js.map' [] []
[2023-06-19T05:01:08.758337+00:00] main.ERROR: Unable to resolve the source file for 'frontend/HypeConectEcom/EcomHype/pt_BR/vimeo/player.js.map' [] []
[2023-06-19T05:01:08.759001+00:00] main.CRITICAL: Unable to resolve the source file for 'frontend/HypeConectEcom/EcomHype/pt_BR/vimeo/player.js.map' [] []
[2023-06-19T05:01:08.782711+00:00] main.ERROR: Unable to resolve the source file for 'frontend/HypeConectEcom/EcomHype/pt_BR/Magento_PageBuilder/js/resource/jarallax/jarallax-video.js.map' [] []
[2023-06-19T05:01:08.783572+00:00] main.CRITICAL: Unable to resolve the source file for 'frontend/HypeConectEcom/EcomHype/pt_BR/Magento_PageBuilder/js/resource/jarallax/jarallax-video.js.map' [] []
[2023-06-19T12:40:41.159402+00:00] main.INFO: Broken reference: the 'catalog.compare.sidebar' element cannot be added as child to 'sidebar.additional', because the latter doesn't exist [] []
[2023-06-19T12:40:41.160140+00:00] main.INFO: Broken reference: the 'sale.reorder.sidebar' element cannot be added as child to 'sidebar.additional', because the latter doesn't exist [] []
[2023-06-19T12:40:41.160558+00:00] main.INFO: Broken reference: the 'wishlist_sidebar' element cannot be added as child to 'sidebar.additional', because the latter doesn't exist [] []
[2023-06-19T12:40:41.160907+00:00] main.INFO: Broken reference: the 'paypal.partner.right.logo' element cannot be added as child to 'sidebar.additional', because the latter doesn't exist [] []
[2023-06-19T12:40:41.161395+00:00] main.INFO: Broken reference: the 'bml.right.logo' element cannot be added as child to 'sidebar.additional', because the latter doesn't exist [] []
[2023-06-19T12:40:41.161749+00:00] main.INFO: Broken reference: the 'sidebar.container.paylater' element cannot be added as child to 'sidebar.additional', because the latter doesn't exist [] []
[2023-06-19T12:42:21.828138+00:00] main.INFO: Broken reference: the 'tracking' element cannot be added as child to 'header', because the latter doesn't exist [] []
[2023-06-19T12:42:21.828680+00:00] main.INFO: Broken reference: the 'notification_area' element cannot be added as child to 'notifications', because the latter doesn't exist [] []
[2023-06-19T12:42:21.829059+00:00] main.INFO: Broken reference: the 'unread_system_messages' element cannot be added as child to 'notifications', because the latter doesn't exist [] []
[2023-06-19T12:42:21.829444+00:00] main.INFO: Broken reference: the 'notification_window' element cannot be added as child to 'notifications', because the latter doesn't exist [] []
[2023-06-19T12:42:21.829820+00:00] main.INFO: Broken reference: the 'notification.messages' element cannot be added as child to 'header', because the latter doesn't exist [] []
[2023-06-19T12:42:21.830188+00:00] main.INFO: Broken reference: the 'global_notices' element cannot be added as child to 'global.notices', because the latter doesn't exist [] []
[2023-06-19T12:42:21.830725+00:00] main.INFO: Broken reference: the 'logo' element cannot be added as child to 'header', because the latter doesn't exist [] []
[2023-06-19T12:42:21.831110+00:00] main.INFO: Broken reference: the 'global.search' element cannot be added as child to 'header', because the latter doesn't exist [] []
[2023-06-19T12:42:21.831554+00:00] main.INFO: Broken reference: the 'user' element cannot be added as child to 'header', because the latter doesn't exist [] []
[2023-06-19T12:42:21.831932+00:00] main.INFO: Broken reference: the 'menu' element cannot be added as child to 'page.menu', because the latter doesn't exist [] []
[2023-06-19T12:42:21.832303+00:00] main.INFO: Broken reference: the 'breadcrumbs' element cannot be added as child to 'page.breadcrumbs', because the latter doesn't exist [] []
[2023-06-19T12:42:21.832666+00:00] main.INFO: Broken reference: the 'formkey' element cannot be added as child to 'page.formkey', because the latter doesn't exist [] []
[2023-06-19T12:42:21.833041+00:00] main.INFO: Broken reference: the 'page.title' element cannot be added as child to 'main.top', because the latter doesn't exist [] []
[2023-06-19T12:42:21.833403+00:00] main.INFO: Broken reference: the 'messages' element cannot be added as child to 'page.messages', because the latter doesn't exist [] []
[2023-06-19T12:42:21.833787+00:00] main.INFO: Broken reference: the 'page.actions.toolbar' element cannot be added as child to 'page.main.actions', because the latter doesn't exist [] []
[2023-06-19T12:42:21.834149+00:00] main.INFO: Broken reference: the 'legal' element cannot be added as child to 'footer', because the latter doesn't exist [] []
[2023-06-19T12:42:21.834565+00:00] main.INFO: Broken reference: the 'header.inner.left' element cannot be added as child to 'header', because the latter doesn't exist [] []
[2023-06-19T12:42:21.834936+00:00] main.INFO: Broken reference: the 'header.inner.right' element cannot be added as child to 'header', because the latter doesn't exist [] []
[2023-06-19T12:42:21.835338+00:00] main.INFO: Broken reference: the 'user' tries to reorder itself towards '', but their parents are different: 'header' and '' respectively. [] []
[2023-06-19T12:42:21.835704+00:00] main.INFO: Broken reference: the 'notification.messages' tries to reorder itself towards 'user', but their parents are different: 'header' and '' respectively. [] []
[2023-06-19T12:42:21.836064+00:00] main.INFO: Broken reference: the 'logo' tries to reorder itself towards '', but their parents are different: 'header' and '' respectively. [] []
[2023-06-19T12:42:21.836420+00:00] main.INFO: Broken reference: the 'global.search' tries to reorder itself towards 'logo', but their parents are different: 'header' and '' respectively. [] []
[2023-06-19T12:42:21.836777+00:00] main.INFO: Broken reference: the 'page.actions.toolbar' tries to reorder itself towards '', but their parents are different: 'page.main.actions' and '' respectively. [] []
[2023-06-19T12:42:21.837149+00:00] main.INFO: Broken reference: the 'header.inner.left' tries to reorder itself towards '', but their parents are different: 'header' and '' respectively. [] []
[2023-06-19T12:42:21.837528+00:00] main.INFO: Broken reference: the 'header.inner.right' tries to reorder itself towards 'header.inner.left', but their parents are different: 'header' and '' respectively. [] []
[2023-06-19T12:42:21.837903+00:00] main.INFO: Broken reference: the 'notification.messages' tries to reorder itself towards 'user', but their parents are different: 'header.inner.right' and '' respectively. [] []
[2023-06-19T12:42:29.387089+00:00] main.INFO: Broken reference: the 'notification.messages' tries to reorder itself towards 'user', but their parents are different: 'header.inner.right' and 'header' respectively. [] []
[2023-06-19T12:42:37.064451+00:00] main.INFO: Broken reference: the 'notification.messages' tries to reorder itself towards 'user', but their parents are different: 'header.inner.right' and 'header' respectively. [] []
[2023-06-19T12:42:39.422455+00:00] main.INFO: Broken reference: the 'notification.messages' tries to reorder itself towards 'user', but their parents are different: 'header.inner.right' and 'header' respectively. [] []
[2023-06-19T12:42:47.943375+00:00] main.INFO: Broken reference: the 'notification.messages' tries to reorder itself towards 'user', but their parents are different: 'header.inner.right' and 'header' respectively. [] []
[2023-06-19T12:42:49.555927+00:00] main.INFO: Broken reference: the 'notification.messages' tries to reorder itself towards 'user', but their parents are different: 'header.inner.right' and 'header' respectively. [] []
[2023-06-19T12:42:58.703025+00:00] main.INFO: Broken reference: the 'notification.messages' tries to reorder itself towards 'user', but their parents are different: 'header.inner.right' and 'header' respectively. [] []
[2023-06-19T12:43:52.411682+00:00] main.INFO: Broken reference: the 'notification.messages' tries to reorder itself towards 'user', but their parents are different: 'header.inner.right' and 'header' respectively. [] []
[2023-06-19T12:44:21.280821+00:00] main.INFO: Broken reference: the 'catalog.compare.sidebar' element cannot be added as child to 'sidebar.additional', because the latter doesn't exist [] []
[2023-06-19T12:44:21.281414+00:00] main.INFO: Broken reference: the 'sale.reorder.sidebar' element cannot be added as child to 'sidebar.additional', because the latter doesn't exist [] []
[2023-06-19T12:44:21.281930+00:00] main.INFO: Broken reference: the 'wishlist_sidebar' element cannot be added as child to 'sidebar.additional', because the latter doesn't exist [] []
[2023-06-19T12:44:21.282411+00:00] main.INFO: Broken reference: the 'paypal.partner.right.logo' element cannot be added as child to 'sidebar.additional', because the latter doesn't exist [] []
[2023-06-19T12:44:21.282819+00:00] main.INFO: Broken reference: the 'bml.right.logo' element cannot be added as child to 'sidebar.additional', because the latter doesn't exist [] []
[2023-06-19T12:44:21.283192+00:00] main.INFO: Broken reference: the 'sidebar.container.paylater' element cannot be added as child to 'sidebar.additional', because the latter doesn't exist [] []
[2023-06-19T12:44:29.898371+00:00] main.INFO: Broken reference: the 'notification.messages' tries to reorder itself towards 'user', but their parents are different: 'header.inner.right' and 'header' respectively. [] []
[2023-06-19T12:44:31.408526+00:00] main.INFO: Broken reference: the 'notification.messages' tries to reorder itself towards 'user', but their parents are different: 'header.inner.right' and 'header' respectively. [] []
[2023-06-19T12:44:40.873062+00:00] main.INFO: Broken reference: the 'notification.messages' tries to reorder itself towards 'user', but their parents are different: 'header.inner.right' and 'header' respectively. [] []
[2023-06-19T12:44:48.402067+00:00] main.INFO: Broken reference: the 'notification.messages' tries to reorder itself towards 'user', but their parents are different: 'header.inner.right' and 'header' respectively. [] []
[2023-06-19T12:45:05.379069+00:00] main.INFO: Broken reference: the 'notification.messages' tries to reorder itself towards 'user', but their parents are different: 'header.inner.right' and 'header' respectively. [] []
[2023-06-19T12:45:21.920430+00:00] main.INFO: Broken reference: the 'notification.messages' tries to reorder itself towards 'user', but their parents are different: 'header.inner.right' and 'header' respectively. [] []
[2023-06-19T12:45:24.965396+00:00] main.INFO: Broken reference: the 'notification.messages' tries to reorder itself towards 'user', but their parents are different: 'header.inner.right' and 'header' respectively. [] []
[2023-06-19T12:45:33.352439+00:00] main.INFO: Broken reference: the 'notification.messages' tries to reorder itself towards 'user', but their parents are different: 'header.inner.right' and 'header' respectively. [] []
[2023-06-19T12:50:45.493475+00:00] main.INFO: Broken reference: the 'notification.messages' tries to reorder itself towards 'user', but their parents are different: 'header.inner.right' and 'header' respectively. [] []
[2023-06-19T12:51:01.360680+00:00] main.INFO: Broken reference: the 'notification.messages' tries to reorder itself towards 'user', but their parents are different: 'header.inner.right' and 'header' respectively. [] []
[2023-06-19T12:51:09.817525+00:00] main.INFO: Broken reference: the 'notification.messages' tries to reorder itself towards 'user', but their parents are different: 'header.inner.right' and 'header' respectively. [] []
[2023-06-19T12:51:13.324247+00:00] main.INFO: Broken reference: the 'notification.messages' tries to reorder itself towards 'user', but their parents are different: 'header.inner.right' and 'header' respectively. [] []
[2023-06-19T12:51:17.907909+00:00] main.INFO: Broken reference: the 'notification.messages' tries to reorder itself towards 'user', but their parents are different: 'header.inner.right' and 'header' respectively. [] []
[2023-06-19T12:51:34.771303+00:00] main.INFO: Broken reference: the 'notification.messages' tries to reorder itself towards 'user', but their parents are different: 'header.inner.right' and 'header' respectively. [] []
[2023-06-19T12:51:51.530029+00:00] main.INFO: Broken reference: the 'notification.messages' tries to reorder itself towards 'user', but their parents are different: 'header.inner.right' and 'header' respectively. [] []
[2023-06-19T12:52:02.220777+00:00] main.INFO: Broken reference: the 'notification.messages' tries to reorder itself towards 'user', but their parents are different: 'header.inner.right' and 'header' respectively. [] []
[2023-06-19T12:52:11.011554+00:00] main.INFO: Broken reference: the 'notification.messages' tries to reorder itself towards 'user', but their parents are different: 'header.inner.right' and 'header' respectively. [] []
[2023-06-19T12:52:19.269310+00:00] main.INFO: Broken reference: the 'notification.messages' tries to reorder itself towards 'user', but their parents are different: 'header.inner.right' and 'header' respectively. [] []
[2023-06-19T12:53:52.962405+00:00] main.INFO: Broken reference: the 'notification.messages' tries to reorder itself towards 'user', but their parents are different: 'header.inner.right' and 'header' respectively. [] []
[2023-06-19T15:14:58.384191+00:00] main.INFO: Broken reference: the 'catalog.compare.sidebar' element cannot be added as child to 'sidebar.additional', because the latter doesn't exist [] []
[2023-06-19T15:14:58.384758+00:00] main.INFO: Broken reference: the 'sale.reorder.sidebar' element cannot be added as child to 'sidebar.additional', because the latter doesn't exist [] []
[2023-06-19T15:14:58.385290+00:00] main.INFO: Broken reference: the 'wishlist_sidebar' element cannot be added as child to 'sidebar.additional', because the latter doesn't exist [] []
[2023-06-19T15:14:58.385749+00:00] main.INFO: Broken reference: the 'paypal.partner.right.logo' element cannot be added as child to 'sidebar.additional', because the latter doesn't exist [] []
[2023-06-19T15:14:58.386139+00:00] main.INFO: Broken reference: the 'bml.right.logo' element cannot be added as child to 'sidebar.additional', because the latter doesn't exist [] []
[2023-06-19T15:14:58.386515+00:00] main.INFO: Broken reference: the 'sidebar.container.paylater' element cannot be added as child to 'sidebar.additional', because the latter doesn't exist [] []
